2019-05-17 15:29:14,232 | _new_conn-813 | Starting new HTTPS connection (1): euw1.api.riotgames.com:443
2019-05-17 15:29:14,730 | _make_request-393 | https://euw1.api.riotgames.com:443 "GET /lol/summoner/v4/summoners/by-name/stozer?api_key=RGAPI-0781c456-6d82-476c-b882-4ee91f1cf5c2 HTTP/1.1" 200 269
2019-05-17 15:29:14,733 | get_request-38 | 200 successful request
2019-05-17 15:29:14,733 | get_request-38 | 200 successful request
2019-05-17 15:29:14,736 | _new_conn-813 | Starting new HTTPS connection (1): euw1.api.riotgames.com:443
2019-05-17 15:29:15,347 | _make_request-393 | https://euw1.api.riotgames.com:443 "GET /lol/match/v4/matchlists/by-account/Fjl58pWgs40XOk9Cg9JEd_bM0KfkytcCC-p-pd1M51TUMKo?api_key=RGAPI-0781c456-6d82-476c-b882-4ee91f1cf5c2 HTTP/1.1" 200 None
2019-05-17 15:29:15,351 | get_request-38 | 200 successful request
2019-05-17 15:29:15,351 | get_request-38 | 200 successful request
2019-05-17 15:29:15,354 | _new_conn-813 | Starting new HTTPS connection (1): euw1.api.riotgames.com:443
2019-05-17 15:29:16,030 | _make_request-393 | https://euw1.api.riotgames.com:443 "GET /lol/match/v4/matches/4029453240?api_key=RGAPI-0781c456-6d82-476c-b882-4ee91f1cf5c2 HTTP/1.1" 200 None
2019-05-17 15:29:16,038 | get_request-38 | 200 successful request
2019-05-17 15:29:16,038 | get_request-38 | 200 successful request
2019-05-17 15:29:16,047 | _new_conn-813 | Starting new HTTPS connection (1): euw1.api.riotgames.com:443
2019-05-17 15:29:17,034 | _make_request-393 | https://euw1.api.riotgames.com:443 "GET /lol/match/v4/matchlists/by-account/T6ITTunIlhKK19-kcLy7Q9ofis0aVlndXd3ofZGluymXpS0?api_key=RGAPI-0781c456-6d82-476c-b882-4ee91f1cf5c2 HTTP/1.1" 200 None
2019-05-17 15:29:17,037 | get_request-38 | 200 successful request
2019-05-17 15:29:17,037 | get_request-38 | 200 successful request
2019-05-17 15:29:19,542 | _new_conn-813 | Starting new HTTPS connection (1): euw1.api.riotgames.com:443
2019-05-17 15:29:20,638 | _make_request-393 | https://euw1.api.riotgames.com:443 "GET /lol/match/v4/matches/4031798288?api_key=RGAPI-0781c456-6d82-476c-b882-4ee91f1cf5c2 HTTP/1.1" 200 None
2019-05-17 15:29:20,642 | get_request-38 | 200 successful request
2019-05-17 15:29:20,642 | get_request-38 | 200 successful request
2019-05-17 15:29:23,152 | _new_conn-813 | Starting new HTTPS connection (1): euw1.api.riotgames.com:443
2019-05-17 15:29:24,542 | _make_request-393 | https://euw1.api.riotgames.com:443 "GET /lol/match/v4/matchlists/by-account/txcnTYLey2DNQvzqIBRNfe5P5rYG02HQaJd1jsiuvImLKx4?api_key=RGAPI-0781c456-6d82-476c-b882-4ee91f1cf5c2 HTTP/1.1" 200 None
2019-05-17 15:29:24,545 | get_request-38 | 200 successful request
2019-05-17 15:29:24,545 | get_request-38 | 200 successful request
2019-05-17 15:29:27,055 | _new_conn-813 | Starting new HTTPS connection (1): euw1.api.riotgames.com:443
2019-05-17 15:29:27,809 | _make_request-393 | https://euw1.api.riotgames.com:443 "GET /lol/match/v4/matchlists/by-account/CrAYDWULQVXI6Cvlw8_GSY5CQykghZ0LY64Juhuzy3slEpQ?api_key=RGAPI-0781c456-6d82-476c-b882-4ee91f1cf5c2 HTTP/1.1" 404 71
2019-05-17 15:29:27,812 | get_request-27 | 404 invalid request
2019-05-17 15:29:27,812 | get_request-27 | 404 invalid request
2019-05-17 15:29:27,812 | get_request-38 | 404 successful request
2019-05-17 15:29:27,812 | get_request-38 | 404 successful request
2019-05-17 15:29:27,816 | _new_conn-813 | Starting new HTTPS connection (1): euw1.api.riotgames.com:443
2019-05-17 15:29:28,627 | _make_request-393 | https://euw1.api.riotgames.com:443 "GET /lol/match/v4/matches/4031647490?api_key=RGAPI-0781c456-6d82-476c-b882-4ee91f1cf5c2 HTTP/1.1" 200 None
2019-05-17 15:29:28,631 | get_request-38 | 200 successful request
2019-05-17 15:29:28,631 | get_request-38 | 200 successful request
2019-05-17 15:29:31,141 | _new_conn-813 | Starting new HTTPS connection (1): euw1.api.riotgames.com:443
2019-05-17 15:29:33,028 | _make_request-393 | https://euw1.api.riotgames.com:443 "GET /lol/match/v4/matchlists/by-account/pmvZ8FY8OPK0ePFKVzx0eHpcvyOz2IG2zptkUvpOROX5qw?api_key=RGAPI-0781c456-6d82-476c-b882-4ee91f1cf5c2 HTTP/1.1" 200 None
2019-05-17 15:29:33,031 | get_request-38 | 200 successful request
2019-05-17 15:29:33,031 | get_request-38 | 200 successful request
2019-05-17 15:29:35,541 | _new_conn-813 | Starting new HTTPS connection (1): euw1.api.riotgames.com:443
2019-05-17 15:29:36,613 | _make_request-393 | https://euw1.api.riotgames.com:443 "GET /lol/match/v4/matchlists/by-account/oSz5AT0wW5YdWLaLBJjWtGztQjbUlYMk-kpYGwm1SdKXqORao4EU09WH?api_key=RGAPI-0781c456-6d82-476c-b882-4ee91f1cf5c2 HTTP/1.1" 200 None
2019-05-17 15:29:36,616 | get_request-38 | 200 successful request
2019-05-17 15:29:36,616 | get_request-38 | 200 successful request
2019-05-17 15:29:39,126 | _new_conn-813 | Starting new HTTPS connection (1): euw1.api.riotgames.com:443
2019-05-17 15:29:40,915 | _make_request-393 | https://euw1.api.riotgames.com:443 "GET /lol/match/v4/matchlists/by-account/x1rePU2JGgNkbE50P_2tPjJRou3MI1sC89DmPxl1w512t4I?api_key=RGAPI-0781c456-6d82-476c-b882-4ee91f1cf5c2 HTTP/1.1" 200 1764
2019-05-17 15:29:40,918 | get_request-38 | 200 successful request
2019-05-17 15:29:40,918 | get_request-38 | 200 successful request
2019-05-17 15:29:43,427 | _new_conn-813 | Starting new HTTPS connection (1): euw1.api.riotgames.com:443
2019-05-17 15:29:44,599 | _make_request-393 | https://euw1.api.riotgames.com:443 "GET /lol/match/v4/matchlists/by-account/_n2gQqme13TmndO7s_tf6MrdaXjSCk39k09ws_quy4Lji34?api_key=RGAPI-0781c456-6d82-476c-b882-4ee91f1cf5c2 HTTP/1.1" 200 None
2019-05-17 15:29:44,602 | get_request-38 | 200 successful request
2019-05-17 15:29:44,602 | get_request-38 | 200 successful request
2019-05-17 15:29:47,112 | _new_conn-813 | Starting new HTTPS connection (1): euw1.api.riotgames.com:443
2019-05-17 15:29:47,979 | _make_request-393 | https://euw1.api.riotgames.com:443 "GET /lol/match/v4/matchlists/by-account/Sj9uzlvx-eTwOvcIMzGvozvQujLvlxfKo6ZU-9VMX-fKXlo?api_key=RGAPI-0781c456-6d82-476c-b882-4ee91f1cf5c2 HTTP/1.1" 200 None
2019-05-17 15:29:47,982 | get_request-38 | 200 successful request
2019-05-17 15:29:47,982 | get_request-38 | 200 successful request
2019-05-17 15:29:50,492 | _new_conn-813 | Starting new HTTPS connection (1): euw1.api.riotgames.com:443
2019-05-17 15:29:51,992 | _make_request-393 | https://euw1.api.riotgames.com:443 "GET /lol/match/v4/matchlists/by-account/5rcOMPlmWYC-Vjmf0qZZn9ncworiCgpOaU8YqgjfRyBh-5A?api_key=RGAPI-0781c456-6d82-476c-b882-4ee91f1cf5c2 HTTP/1.1" 200 None
2019-05-17 15:29:52,003 | get_request-38 | 200 successful request
2019-05-17 15:29:52,003 | get_request-38 | 200 successful request
2019-05-17 15:29:54,513 | _new_conn-813 | Starting new HTTPS connection (1): euw1.api.riotgames.com:443
2019-05-17 15:29:55,663 | _make_request-393 | https://euw1.api.riotgames.com:443 "GET /lol/match/v4/matchlists/by-account/CUFcK7dwN2GFMyHh9eHrfK_6jLUKcIFHXsL8duksLMMQjg?api_key=RGAPI-0781c456-6d82-476c-b882-4ee91f1cf5c2 HTTP/1.1" 200 None
2019-05-17 15:29:55,678 | get_request-38 | 200 successful request
2019-05-17 15:29:55,678 | get_request-38 | 200 successful request
2019-05-17 15:29:58,188 | _new_conn-813 | Starting new HTTPS connection (1): euw1.api.riotgames.com:443
2019-05-17 15:29:59,350 | _make_request-393 | https://euw1.api.riotgames.com:443 "GET /lol/match/v4/matchlists/by-account/T6ITTunIlhKK19-kcLy7Q9ofis0aVlndXd3ofZGluymXpS0?api_key=RGAPI-0781c456-6d82-476c-b882-4ee91f1cf5c2 HTTP/1.1" 200 None
2019-05-17 15:29:59,360 | get_request-38 | 200 successful request
2019-05-17 15:29:59,360 | get_request-38 | 200 successful request
2019-05-17 15:30:01,869 | _new_conn-813 | Starting new HTTPS connection (1): euw1.api.riotgames.com:443
2019-05-17 15:30:02,709 | _make_request-393 | https://euw1.api.riotgames.com:443 "GET /lol/match/v4/matchlists/by-account/aofIu5c1_yEh_khNlrkdBYCBB6yqgQVPPtSRoab5yP-bDg?api_key=RGAPI-0781c456-6d82-476c-b882-4ee91f1cf5c2 HTTP/1.1" 200 None
2019-05-17 15:30:02,712 | get_request-38 | 200 successful request
2019-05-17 15:30:02,712 | get_request-38 | 200 successful request
2019-05-17 15:30:05,221 | _new_conn-813 | Starting new HTTPS connection (1): euw1.api.riotgames.com:443
2019-05-17 15:30:06,031 | _make_request-393 | https://euw1.api.riotgames.com:443 "GET /lol/match/v4/matchlists/by-account/RX6dCzLrWnA__mcnu5kOFNJrcIyiN-xfwASKOO8bFohU3zI?api_key=RGAPI-0781c456-6d82-476c-b882-4ee91f1cf5c2 HTTP/1.1" 200 None
2019-05-17 15:30:06,035 | get_request-38 | 200 successful request
2019-05-17 15:30:06,035 | get_request-38 | 200 successful request
2019-05-17 15:30:08,545 | _new_conn-813 | Starting new HTTPS connection (1): euw1.api.riotgames.com:443
2019-05-17 15:30:09,298 | _make_request-393 | https://euw1.api.riotgames.com:443 "GET /lol/match/v4/matches/4031591618?api_key=RGAPI-0781c456-6d82-476c-b882-4ee91f1cf5c2 HTTP/1.1" 200 6380
2019-05-17 15:30:09,302 | get_request-38 | 200 successful request
2019-05-17 15:30:09,302 | get_request-38 | 200 successful request
2019-05-17 15:30:11,810 | _new_conn-813 | Starting new HTTPS connection (1): euw1.api.riotgames.com:443
2019-05-17 15:30:13,557 | _make_request-393 | https://euw1.api.riotgames.com:443 "GET /lol/match/v4/matchlists/by-account/0O6ERrQEr3z0vEXHUA3wjBVh9B3qOtFacvNRu2l8iMME8815PHjwTDT9?api_key=RGAPI-0781c456-6d82-476c-b882-4ee91f1cf5c2 HTTP/1.1" 200 None
2019-05-17 15:30:13,560 | get_request-38 | 200 successful request
2019-05-17 15:30:13,560 | get_request-38 | 200 successful request
2019-05-17 15:30:16,065 | _new_conn-813 | Starting new HTTPS connection (1): euw1.api.riotgames.com:443
2019-05-17 15:30:17,192 | _make_request-393 | https://euw1.api.riotgames.com:443 "GET /lol/match/v4/matchlists/by-account/qrSGwYvPgPAWyl5wUIXL59rI1KAp9xMlS_vax2wmEcWoZA?api_key=RGAPI-0781c456-6d82-476c-b882-4ee91f1cf5c2 HTTP/1.1" 404 71
2019-05-17 15:30:17,196 | get_request-27 | 404 invalid request
2019-05-17 15:30:17,196 | get_request-27 | 404 invalid request
2019-05-17 15:30:17,196 | get_request-38 | 404 successful request
2019-05-17 15:30:17,196 | get_request-38 | 404 successful request
2019-05-17 15:30:17,200 | _new_conn-813 | Starting new HTTPS connection (1): euw1.api.riotgames.com:443
2019-05-17 15:30:18,087 | _make_request-393 | https://euw1.api.riotgames.com:443 "GET /lol/match/v4/matches/4031485415?api_key=RGAPI-0781c456-6d82-476c-b882-4ee91f1cf5c2 HTTP/1.1" 200 None
2019-05-17 15:30:18,096 | get_request-38 | 200 successful request
2019-05-17 15:30:18,096 | get_request-38 | 200 successful request
2019-05-17 15:30:20,605 | _new_conn-813 | Starting new HTTPS connection (1): euw1.api.riotgames.com:443
2019-05-17 15:30:21,459 | _make_request-393 | https://euw1.api.riotgames.com:443 "GET /lol/match/v4/matchlists/by-account/BCFyiTJt1MKwohMP9HsUeGZctJNnSf5LW9CLSG_9NNKmP6Y?api_key=RGAPI-0781c456-6d82-476c-b882-4ee91f1cf5c2 HTTP/1.1" 200 None
2019-05-17 15:30:21,463 | get_request-38 | 200 successful request
2019-05-17 15:30:21,463 | get_request-38 | 200 successful request
2019-05-17 15:30:23,973 | _new_conn-813 | Starting new HTTPS connection (1): euw1.api.riotgames.com:443
2019-05-17 15:30:25,386 | _make_request-393 | https://euw1.api.riotgames.com:443 "GET /lol/match/v4/matchlists/by-account/v_KJOps8guVRdIC3PxR5DZ1m1Dt32xYkUcx8JxRP3XibEgw?api_key=RGAPI-0781c456-6d82-476c-b882-4ee91f1cf5c2 HTTP/1.1" 200 None
2019-05-17 15:30:25,389 | get_request-38 | 200 successful request
2019-05-17 15:30:25,389 | get_request-38 | 200 successful request
2019-05-17 15:30:27,893 | _new_conn-813 | Starting new HTTPS connection (1): euw1.api.riotgames.com:443
2019-05-17 15:30:28,525 | _make_request-393 | https://euw1.api.riotgames.com:443 "GET /lol/match/v4/matchlists/by-account/dIhCnw6sBZKZJak37AWdZz-WztRJVq9xsPMZJAoBWOWjRLc?api_key=RGAPI-0781c456-6d82-476c-b882-4ee91f1cf5c2 HTTP/1.1" 200 None
2019-05-17 15:30:28,528 | get_request-38 | 200 successful request
2019-05-17 15:30:28,528 | get_request-38 | 200 successful request
2019-05-17 15:30:31,035 | _new_conn-813 | Starting new HTTPS connection (1): euw1.api.riotgames.com:443
2019-05-17 15:30:31,709 | _make_request-393 | https://euw1.api.riotgames.com:443 "GET /lol/match/v4/matchlists/by-account/T6ITTunIlhKK19-kcLy7Q9ofis0aVlndXd3ofZGluymXpS0?api_key=RGAPI-0781c456-6d82-476c-b882-4ee91f1cf5c2 HTTP/1.1" 200 None
2019-05-17 15:30:31,713 | get_request-38 | 200 successful request
2019-05-17 15:30:31,713 | get_request-38 | 200 successful request
2019-05-17 15:30:34,217 | _new_conn-813 | Starting new HTTPS connection (1): euw1.api.riotgames.com:443
2019-05-17 15:30:35,291 | _make_request-393 | https://euw1.api.riotgames.com:443 "GET /lol/match/v4/matchlists/by-account/LHT8hbJgNPcntoWK_Zj760GsEyErdAahY1E--qm0_vMFLsU?api_key=RGAPI-0781c456-6d82-476c-b882-4ee91f1cf5c2 HTTP/1.1" 200 1803
2019-05-17 15:30:35,293 | get_request-38 | 200 successful request
2019-05-17 15:30:35,293 | get_request-38 | 200 successful request
2019-05-17 15:30:37,803 | _new_conn-813 | Starting new HTTPS connection (1): euw1.api.riotgames.com:443
2019-05-17 15:30:38,971 | _make_request-393 | https://euw1.api.riotgames.com:443 "GET /lol/match/v4/matchlists/by-account/gOao4KfBfetnsNaHZJE79U6cLA3iBW8-itlelr2Q8xPg1A?api_key=RGAPI-0781c456-6d82-476c-b882-4ee91f1cf5c2 HTTP/1.1" 200 None
2019-05-17 15:30:38,978 | get_request-38 | 200 successful request
2019-05-17 15:30:38,978 | get_request-38 | 200 successful request
2019-05-17 15:30:42,028 | _new_conn-813 | Starting new HTTPS connection (1): euw1.api.riotgames.com:443
2019-05-17 15:30:43,841 | _make_request-393 | https://euw1.api.riotgames.com:443 "GET /lol/match/v4/matchlists/by-account/JlcLWZvOFnMUs5epqlwrW3F_mT3UoiASH_H_u8i4YQ?api_key=RGAPI-0781c456-6d82-476c-b882-4ee91f1cf5c2 HTTP/1.1" 200 None
2019-05-17 15:30:43,869 | get_request-38 | 200 successful request
2019-05-17 15:30:43,869 | get_request-38 | 200 successful request
2019-05-17 15:30:46,378 | _new_conn-813 | Starting new HTTPS connection (1): euw1.api.riotgames.com:443
2019-05-17 15:30:47,198 | _make_request-393 | https://euw1.api.riotgames.com:443 "GET /lol/match/v4/matchlists/by-account/b78zXKdIoD4uGHw4xr1jQMWWdeq2oGiPSvyG5Ba88iUDzI8?api_key=RGAPI-0781c456-6d82-476c-b882-4ee91f1cf5c2 HTTP/1.1" 200 None
2019-05-17 15:30:47,205 | get_request-38 | 200 successful request
2019-05-17 15:30:47,205 | get_request-38 | 200 successful request
2019-05-17 15:30:49,712 | _new_conn-813 | Starting new HTTPS connection (1): euw1.api.riotgames.com:443
2019-05-17 15:30:50,575 | _make_request-393 | https://euw1.api.riotgames.com:443 "GET /lol/match/v4/matchlists/by-account/eq9qyWgLUamBMn60fEXprKx8rvIgnBgF7NfRH_VzDaIuNA?api_key=RGAPI-0781c456-6d82-476c-b882-4ee91f1cf5c2 HTTP/1.1" 200 None
2019-05-17 15:30:50,587 | get_request-38 | 200 successful request
2019-05-17 15:30:50,587 | get_request-38 | 200 successful request
2019-05-17 15:30:53,190 | _new_conn-813 | Starting new HTTPS connection (1): euw1.api.riotgames.com:443
2019-05-17 15:30:53,955 | _make_request-393 | https://euw1.api.riotgames.com:443 "GET /lol/match/v4/matchlists/by-account/4r13vOKvWjYnFN2Li-Z61AaVc0jkS8gYENAx_v91gPWvpg?api_key=RGAPI-0781c456-6d82-476c-b882-4ee91f1cf5c2 HTTP/1.1" 200 None
2019-05-17 15:30:53,958 | get_request-38 | 200 successful request
2019-05-17 15:30:53,958 | get_request-38 | 200 successful request
2019-05-17 15:30:56,465 | _new_conn-813 | Starting new HTTPS connection (1): euw1.api.riotgames.com:443
2019-05-17 15:30:57,125 | _make_request-393 | https://euw1.api.riotgames.com:443 "GET /lol/match/v4/matches/4031433684?api_key=RGAPI-0781c456-6d82-476c-b882-4ee91f1cf5c2 HTTP/1.1" 200 None
2019-05-17 15:30:57,131 | get_request-38 | 200 successful request
2019-05-17 15:30:57,131 | get_request-38 | 200 successful request
2019-05-17 15:30:59,635 | _new_conn-813 | Starting new HTTPS connection (1): euw1.api.riotgames.com:443
2019-05-17 15:31:00,481 | _make_request-393 | https://euw1.api.riotgames.com:443 "GET /lol/match/v4/matchlists/by-account/ZC8oYWwXhsw75byBO5GQc09QtTaQC0MXGlFNhHkdKTVCGQ?api_key=RGAPI-0781c456-6d82-476c-b882-4ee91f1cf5c2 HTTP/1.1" 200 None
2019-05-17 15:31:00,485 | get_request-38 | 200 successful request
2019-05-17 15:31:00,485 | get_request-38 | 200 successful request
2019-05-17 15:31:02,994 | _new_conn-813 | Starting new HTTPS connection (1): euw1.api.riotgames.com:443
2019-05-17 15:31:04,719 | _make_request-393 | https://euw1.api.riotgames.com:443 "GET /lol/match/v4/matchlists/by-account/qlehWtpQFARii4gBDwR7Ykkku0jDzs81FeU_gNB6qBahfw?api_key=RGAPI-0781c456-6d82-476c-b882-4ee91f1cf5c2 HTTP/1.1" 200 None
2019-05-17 15:31:04,722 | get_request-38 | 200 successful request
2019-05-17 15:31:04,722 | get_request-38 | 200 successful request
2019-05-17 15:31:07,232 | _new_conn-813 | Starting new HTTPS connection (1): euw1.api.riotgames.com:443
2019-05-17 15:31:08,721 | _make_request-393 | https://euw1.api.riotgames.com:443 "GET /lol/match/v4/matchlists/by-account/ixWaQlAwBWWYXZN_UWnG_vwG3zUoztf1hE0Sa0CEhgMQuL0?api_key=RGAPI-0781c456-6d82-476c-b882-4ee91f1cf5c2 HTTP/1.1" 200 None
2019-05-17 15:31:08,727 | get_request-38 | 200 successful request
2019-05-17 15:31:08,727 | get_request-38 | 200 successful request
2019-05-17 15:31:11,231 | _new_conn-813 | Starting new HTTPS connection (1): euw1.api.riotgames.com:443
2019-05-17 15:31:12,078 | _make_request-393 | https://euw1.api.riotgames.com:443 "GET /lol/match/v4/matchlists/by-account/g2_Ml66eEM-o5gIwd3enr4oR0Gxdn37k6p23ieHDbOI0oOs?api_key=RGAPI-0781c456-6d82-476c-b882-4ee91f1cf5c2 HTTP/1.1" 200 None
2019-05-17 15:31:12,081 | get_request-38 | 200 successful request
2019-05-17 15:31:12,081 | get_request-38 | 200 successful request
2019-05-17 15:31:14,591 | _new_conn-813 | Starting new HTTPS connection (1): euw1.api.riotgames.com:443
2019-05-17 15:31:16,073 | _make_request-393 | https://euw1.api.riotgames.com:443 "GET /lol/match/v4/matchlists/by-account/vp04YEheJz3UwyCCeNhwbuj4eLr9dINXQJbVV6kFQVmno2k?api_key=RGAPI-0781c456-6d82-476c-b882-4ee91f1cf5c2 HTTP/1.1" 200 None
2019-05-17 15:31:16,077 | get_request-38 | 200 successful request
2019-05-17 15:31:16,077 | get_request-38 | 200 successful request
2019-05-17 15:31:18,587 | _new_conn-813 | Starting new HTTPS connection (1): euw1.api.riotgames.com:443
2019-05-17 15:31:20,687 | _make_request-393 | https://euw1.api.riotgames.com:443 "GET /lol/match/v4/matchlists/by-account/P_V-qtyTCA29sdg_LbT22aLU1fkSgLF9MO2MvKa5EnM7nnk?api_key=RGAPI-0781c456-6d82-476c-b882-4ee91f1cf5c2 HTTP/1.1" 200 None
2019-05-17 15:31:20,690 | get_request-38 | 200 successful request
2019-05-17 15:31:20,690 | get_request-38 | 200 successful request
2019-05-17 15:31:23,200 | _new_conn-813 | Starting new HTTPS connection (1): euw1.api.riotgames.com:443
2019-05-17 15:31:24,674 | _make_request-393 | https://euw1.api.riotgames.com:443 "GET /lol/match/v4/matchlists/by-account/fMSjpKSbtVQyucVpJDKHky3QhaeGW5CbaC8Bd2gP6NM39ug?api_key=RGAPI-0781c456-6d82-476c-b882-4ee91f1cf5c2 HTTP/1.1" 200 None
2019-05-17 15:31:24,678 | get_request-38 | 200 successful request
2019-05-17 15:31:24,678 | get_request-38 | 200 successful request
2019-05-17 15:31:27,182 | _new_conn-813 | Starting new HTTPS connection (1): euw1.api.riotgames.com:443
2019-05-17 15:31:28,978 | _make_request-393 | https://euw1.api.riotgames.com:443 "GET /lol/match/v4/matchlists/by-account/T6ITTunIlhKK19-kcLy7Q9ofis0aVlndXd3ofZGluymXpS0?api_key=RGAPI-0781c456-6d82-476c-b882-4ee91f1cf5c2 HTTP/1.1" 200 None
2019-05-17 15:31:28,984 | get_request-38 | 200 successful request
2019-05-17 15:31:28,984 | get_request-38 | 200 successful request
2019-05-17 15:31:31,494 | _new_conn-813 | Starting new HTTPS connection (1): euw1.api.riotgames.com:443
2019-05-17 15:31:32,660 | _make_request-393 | https://euw1.api.riotgames.com:443 "GET /lol/match/v4/matchlists/by-account/d3-P1OudxdtyS5waEp7tZdJWiFztlflLGMzzyCrkbuj70SA?api_key=RGAPI-0781c456-6d82-476c-b882-4ee91f1cf5c2 HTTP/1.1" 200 None
2019-05-17 15:31:32,664 | get_request-38 | 200 successful request
2019-05-17 15:31:32,664 | get_request-38 | 200 successful request
2019-05-17 15:31:35,172 | _new_conn-813 | Starting new HTTPS connection (1): euw1.api.riotgames.com:443
2019-05-17 15:31:37,270 | _make_request-393 | https://euw1.api.riotgames.com:443 "GET /lol/match/v4/matchlists/by-account/ruYk6FTvswNqYzxKisZ3ayWc_Or7_OK065LTzQg3PVPv088?api_key=RGAPI-0781c456-6d82-476c-b882-4ee91f1cf5c2 HTTP/1.1" 200 None
2019-05-17 15:31:37,274 | get_request-38 | 200 successful request
2019-05-17 15:31:37,274 | get_request-38 | 200 successful request
2019-05-17 15:31:39,784 | _new_conn-813 | Starting new HTTPS connection (1): euw1.api.riotgames.com:443
2019-05-17 15:31:41,570 | _make_request-393 | https://euw1.api.riotgames.com:443 "GET /lol/match/v4/matches/4031248532?api_key=RGAPI-0781c456-6d82-476c-b882-4ee91f1cf5c2 HTTP/1.1" 200 None
2019-05-17 15:31:41,576 | get_request-38 | 200 successful request
2019-05-17 15:31:41,576 | get_request-38 | 200 successful request
2019-05-17 15:31:44,082 | _new_conn-813 | Starting new HTTPS connection (1): euw1.api.riotgames.com:443
2019-05-17 15:31:45,270 | _make_request-393 | https://euw1.api.riotgames.com:443 "GET /lol/match/v4/matchlists/by-account/Pn_5o37raT156oeUaotSVnLDkgu7kb0Tpv0zqFnqt2pTNTTyKlKp9_7Z?api_key=RGAPI-0781c456-6d82-476c-b882-4ee91f1cf5c2 HTTP/1.1" 200 None
2019-05-17 15:31:45,290 | get_request-38 | 200 successful request
2019-05-17 15:31:45,290 | get_request-38 | 200 successful request
2019-05-17 15:31:47,797 | _new_conn-813 | Starting new HTTPS connection (1): euw1.api.riotgames.com:443
2019-05-17 15:31:48,954 | _make_request-393 | https://euw1.api.riotgames.com:443 "GET /lol/match/v4/matchlists/by-account/rFIy0XzQt-YGVuTakEyrOraBovmrkaNaGldB-7LTW6cxcd0?api_key=RGAPI-0781c456-6d82-476c-b882-4ee91f1cf5c2 HTTP/1.1" 200 None
2019-05-17 15:31:48,980 | get_request-38 | 200 successful request
2019-05-17 15:31:48,980 | get_request-38 | 200 successful request
2019-05-17 15:31:51,485 | _new_conn-813 | Starting new HTTPS connection (1): euw1.api.riotgames.com:443
2019-05-17 15:31:52,629 | _make_request-393 | https://euw1.api.riotgames.com:443 "GET /lol/match/v4/matchlists/by-account/B2Aw3D0ArpbR_eDI03iXzfQ9iuUGtAwC4pjZoS7EZRy_270?api_key=RGAPI-0781c456-6d82-476c-b882-4ee91f1cf5c2 HTTP/1.1" 200 None
2019-05-17 15:31:52,633 | get_request-38 | 200 successful request
2019-05-17 15:31:52,633 | get_request-38 | 200 successful request
2019-05-17 15:31:55,137 | _new_conn-813 | Starting new HTTPS connection (1): euw1.api.riotgames.com:443
2019-05-17 15:31:56,315 | _make_request-393 | https://euw1.api.riotgames.com:443 "GET /lol/match/v4/matchlists/by-account/osdAD5FMRCF7BNMU4kc4EAis2AsA6bGuyzuSMi6wBcf3UA?api_key=RGAPI-0781c456-6d82-476c-b882-4ee91f1cf5c2 HTTP/1.1" 200 None
2019-05-17 15:31:56,318 | get_request-38 | 200 successful request
2019-05-17 15:31:56,318 | get_request-38 | 200 successful request
2019-05-17 15:31:58,824 | _new_conn-813 | Starting new HTTPS connection (1): euw1.api.riotgames.com:443
2019-05-17 15:31:59,713 | _make_request-393 | https://euw1.api.riotgames.com:443 "GET /lol/match/v4/matchlists/by-account/r53boeTyMAhCugOgN8Nk1Lz2KD8gsPQyGwr4Jq1VpILKUQ?api_key=RGAPI-0781c456-6d82-476c-b882-4ee91f1cf5c2 HTTP/1.1" 200 None
2019-05-17 15:31:59,717 | get_request-38 | 200 successful request
2019-05-17 15:31:59,717 | get_request-38 | 200 successful request
2019-05-17 15:32:02,221 | _new_conn-813 | Starting new HTTPS connection (1): euw1.api.riotgames.com:443
2019-05-17 15:32:03,389 | _make_request-393 | https://euw1.api.riotgames.com:443 "GET /lol/match/v4/matchlists/by-account/xrnMDVK4CoorCjn23kdB_nuUxNKn3K4zTP9PA3lhGSdBZRM?api_key=RGAPI-0781c456-6d82-476c-b882-4ee91f1cf5c2 HTTP/1.1" 200 None
2019-05-17 15:32:03,397 | get_request-38 | 200 successful request
2019-05-17 15:32:03,397 | get_request-38 | 200 successful request
2019-05-17 15:32:05,903 | _new_conn-813 | Starting new HTTPS connection (1): euw1.api.riotgames.com:443
2019-05-17 15:32:07,067 | _make_request-393 | https://euw1.api.riotgames.com:443 "GET /lol/match/v4/matchlists/by-account/OCpLqTyqv9Hp7cmnjaKRzpYvYDnxeQOr9OeniSnaHRyZCoU?api_key=RGAPI-0781c456-6d82-476c-b882-4ee91f1cf5c2 HTTP/1.1" 200 None
2019-05-17 15:32:07,070 | get_request-38 | 200 successful request
2019-05-17 15:32:07,070 | get_request-38 | 200 successful request
2019-05-17 15:32:09,579 | _new_conn-813 | Starting new HTTPS connection (1): euw1.api.riotgames.com:443
2019-05-17 15:32:11,061 | _make_request-393 | https://euw1.api.riotgames.com:443 "GET /lol/match/v4/matchlists/by-account/T6ITTunIlhKK19-kcLy7Q9ofis0aVlndXd3ofZGluymXpS0?api_key=RGAPI-0781c456-6d82-476c-b882-4ee91f1cf5c2 HTTP/1.1" 200 None
2019-05-17 15:32:11,066 | get_request-38 | 200 successful request
2019-05-17 15:32:11,066 | get_request-38 | 200 successful request
2019-05-17 15:32:13,576 | _new_conn-813 | Starting new HTTPS connection (1): euw1.api.riotgames.com:443
2019-05-17 15:32:15,162 | _make_request-393 | https://euw1.api.riotgames.com:443 "GET /lol/match/v4/matchlists/by-account/dz5-cIYz-CvDiZoyz6DNyaal_MAwgfOWn3JeeBVjFSOWVw?api_key=RGAPI-0781c456-6d82-476c-b882-4ee91f1cf5c2 HTTP/1.1" 200 1828
2019-05-17 15:32:15,165 | get_request-38 | 200 successful request
2019-05-17 15:32:15,165 | get_request-38 | 200 successful request
2019-05-17 15:32:17,675 | _new_conn-813 | Starting new HTTPS connection (1): euw1.api.riotgames.com:443
2019-05-17 15:32:19,049 | _make_request-393 | https://euw1.api.riotgames.com:443 "GET /lol/match/v4/matchlists/by-account/EA6L0TqamRwdoZcZR2biBTgQPC_ah7qYMLXmaVVtcJ6Cow?api_key=RGAPI-0781c456-6d82-476c-b882-4ee91f1cf5c2 HTTP/1.1" 200 1779
2019-05-17 15:32:19,052 | get_request-38 | 200 successful request
2019-05-17 15:32:19,052 | get_request-38 | 200 successful request
2019-05-17 15:32:21,580 | _new_conn-813 | Starting new HTTPS connection (1): euw1.api.riotgames.com:443
2019-05-17 15:32:22,600 | _make_request-393 | https://euw1.api.riotgames.com:443 "GET /lol/match/v4/matches/4031262713?api_key=RGAPI-0781c456-6d82-476c-b882-4ee91f1cf5c2 HTTP/1.1" 200 None
2019-05-17 15:32:22,606 | get_request-38 | 200 successful request
2019-05-17 15:32:22,606 | get_request-38 | 200 successful request
2019-05-17 15:32:25,115 | _new_conn-813 | Starting new HTTPS connection (1): euw1.api.riotgames.com:443
2019-05-17 15:32:26,060 | _make_request-393 | https://euw1.api.riotgames.com:443 "GET /lol/match/v4/matchlists/by-account/HWBxSRBfiILXwQWyGrKgj50sBRZ6M93pKsA3n_-lvQAKnMI?api_key=RGAPI-0781c456-6d82-476c-b882-4ee91f1cf5c2 HTTP/1.1" 200 None
2019-05-17 15:32:26,063 | get_request-38 | 200 successful request
2019-05-17 15:32:26,063 | get_request-38 | 200 successful request
2019-05-17 15:32:28,568 | _new_conn-813 | Starting new HTTPS connection (1): euw1.api.riotgames.com:443
2019-05-17 15:32:29,494 | _make_request-393 | https://euw1.api.riotgames.com:443 "GET /lol/match/v4/matchlists/by-account/vKwedq0bf3Iu9geN75jLf2tyCrkz6hNjDP-2gKm2AUZ4Gw?api_key=RGAPI-0781c456-6d82-476c-b882-4ee91f1cf5c2 HTTP/1.1" 200 1879
2019-05-17 15:32:29,497 | get_request-38 | 200 successful request
2019-05-17 15:32:29,497 | get_request-38 | 200 successful request
2019-05-17 15:32:32,257 | _new_conn-813 | Starting new HTTPS connection (1): euw1.api.riotgames.com:443
2019-05-17 15:32:33,179 | _make_request-393 | https://euw1.api.riotgames.com:443 "GET /lol/match/v4/matchlists/by-account/CAOH95nfPgyMWg8iKCtxIjVj0bgae_Q7Uk3-NEcBFcKmnuA?api_key=RGAPI-0781c456-6d82-476c-b882-4ee91f1cf5c2 HTTP/1.1" 200 1855
2019-05-17 15:32:33,181 | get_request-38 | 200 successful request
2019-05-17 15:32:33,181 | get_request-38 | 200 successful request
2019-05-17 15:32:35,689 | _new_conn-813 | Starting new HTTPS connection (1): euw1.api.riotgames.com:443
2019-05-17 15:32:36,862 | _make_request-393 | https://euw1.api.riotgames.com:443 "GET /lol/match/v4/matchlists/by-account/RXnAScEm7Jf41gHkXutMvxgABvYvBUgcsaqruoWqUGqKxZE?api_key=RGAPI-0781c456-6d82-476c-b882-4ee91f1cf5c2 HTTP/1.1" 200 None
2019-05-17 15:32:36,866 | get_request-38 | 200 successful request
2019-05-17 15:32:36,866 | get_request-38 | 200 successful request
2019-05-17 15:32:39,372 | _new_conn-813 | Starting new HTTPS connection (1): euw1.api.riotgames.com:443
2019-05-17 15:32:40,246 | _make_request-393 | https://euw1.api.riotgames.com:443 "GET /lol/match/v4/matchlists/by-account/Qwk_x6LrkmsL9QJ9t4K1YJ4FbGBIqyh6skCcW4UEyer5BQ?api_key=RGAPI-0781c456-6d82-476c-b882-4ee91f1cf5c2 HTTP/1.1" 200 None
2019-05-17 15:32:40,249 | get_request-38 | 200 successful request
2019-05-17 15:32:40,249 | get_request-38 | 200 successful request
2019-05-17 15:32:42,756 | _new_conn-813 | Starting new HTTPS connection (1): euw1.api.riotgames.com:443
2019-05-17 15:32:43,619 | _make_request-393 | https://euw1.api.riotgames.com:443 "GET /lol/match/v4/matchlists/by-account/B2Aw3D0ArpbR_eDI03iXzfQ9iuUGtAwC4pjZoS7EZRy_270?api_key=RGAPI-0781c456-6d82-476c-b882-4ee91f1cf5c2 HTTP/1.1" 200 None
2019-05-17 15:32:43,623 | get_request-38 | 200 successful request
2019-05-17 15:32:43,623 | get_request-38 | 200 successful request
2019-05-17 15:32:46,131 | _new_conn-813 | Starting new HTTPS connection (1): euw1.api.riotgames.com:443
2019-05-17 15:32:47,311 | _make_request-393 | https://euw1.api.riotgames.com:443 "GET /lol/match/v4/matchlists/by-account/zpjKmu1WRllFjHZB807qEGy_-_h50KjBqwSQiM8VLGufoA?api_key=RGAPI-0781c456-6d82-476c-b882-4ee91f1cf5c2 HTTP/1.1" 200 1783
2019-05-17 15:32:47,314 | get_request-38 | 200 successful request
2019-05-17 15:32:47,314 | get_request-38 | 200 successful request
2019-05-17 15:32:49,819 | _new_conn-813 | Starting new HTTPS connection (1): euw1.api.riotgames.com:443
2019-05-17 15:32:50,573 | _make_request-393 | https://euw1.api.riotgames.com:443 "GET /lol/match/v4/matchlists/by-account/Pm6f3mhFeD0te68uEUnVRuuNXvTEmvpWOoZNlS1_Z4uZOg?api_key=RGAPI-0781c456-6d82-476c-b882-4ee91f1cf5c2 HTTP/1.1" 200 1748
2019-05-17 15:32:50,576 | get_request-38 | 200 successful request
2019-05-17 15:32:50,576 | get_request-38 | 200 successful request
2019-05-17 15:32:53,086 | _new_conn-813 | Starting new HTTPS connection (1): euw1.api.riotgames.com:443
2019-05-17 15:32:54,067 | _make_request-393 | https://euw1.api.riotgames.com:443 "GET /lol/match/v4/matchlists/by-account/uAtPsRZL0f_FL0NIYOwZAYLpfe1D4AXYzE9u0h5oZFrmR2U?api_key=RGAPI-0781c456-6d82-476c-b882-4ee91f1cf5c2 HTTP/1.1" 404 71
2019-05-17 15:32:54,070 | get_request-27 | 404 invalid request
2019-05-17 15:32:54,070 | get_request-27 | 404 invalid request
2019-05-17 15:32:54,070 | get_request-38 | 404 successful request
2019-05-17 15:32:54,070 | get_request-38 | 404 successful request
2019-05-17 15:32:54,073 | _new_conn-813 | Starting new HTTPS connection (1): euw1.api.riotgames.com:443
2019-05-17 15:32:54,974 | _make_request-393 | https://euw1.api.riotgames.com:443 "GET /lol/match/v4/matches/4030010689?api_key=RGAPI-0781c456-6d82-476c-b882-4ee91f1cf5c2 HTTP/1.1" 200 None
2019-05-17 15:32:54,978 | get_request-38 | 200 successful request
2019-05-17 15:32:54,978 | get_request-38 | 200 successful request
2019-05-17 15:32:57,487 | _new_conn-813 | Starting new HTTPS connection (1): euw1.api.riotgames.com:443
2019-05-17 15:32:58,987 | _make_request-393 | https://euw1.api.riotgames.com:443 "GET /lol/match/v4/matchlists/by-account/v3hUOWDqHEC3Y17OMBpNiIRiMhxcJ8sE3yXiRwC_c9qIJoM?api_key=RGAPI-0781c456-6d82-476c-b882-4ee91f1cf5c2 HTTP/1.1" 200 1596
2019-05-17 15:32:58,991 | get_request-38 | 200 successful request
2019-05-17 15:32:58,991 | get_request-38 | 200 successful request
2019-05-17 15:33:01,495 | _new_conn-813 | Starting new HTTPS connection (1): euw1.api.riotgames.com:443
2019-05-17 15:33:02,358 | _make_request-393 | https://euw1.api.riotgames.com:443 "GET /lol/match/v4/matchlists/by-account/bIKV2YVqVN4ZbvWwoj1iC7nWMextuPLw_3BrnY6gzZcXjQ?api_key=RGAPI-0781c456-6d82-476c-b882-4ee91f1cf5c2 HTTP/1.1" 200 None
2019-05-17 15:33:02,361 | get_request-38 | 200 successful request
2019-05-17 15:33:02,361 | get_request-38 | 200 successful request
2019-05-17 15:33:04,867 | _new_conn-813 | Starting new HTTPS connection (1): euw1.api.riotgames.com:443
2019-05-17 15:33:06,046 | _make_request-393 | https://euw1.api.riotgames.com:443 "GET /lol/match/v4/matchlists/by-account/K_OVPSUluVfDqjqdFIWFjKdI3Ys0f6HEDFMQFIf_CYhxfQ?api_key=RGAPI-0781c456-6d82-476c-b882-4ee91f1cf5c2 HTTP/1.1" 200 None
2019-05-17 15:33:06,050 | get_request-38 | 200 successful request
2019-05-17 15:33:06,050 | get_request-38 | 200 successful request
2019-05-17 15:33:08,560 | _new_conn-813 | Starting new HTTPS connection (1): euw1.api.riotgames.com:443
2019-05-17 15:33:09,425 | _make_request-393 | https://euw1.api.riotgames.com:443 "GET /lol/match/v4/matchlists/by-account/Sm1PBMO8U--HwiTZINIr_Gp8THYqFcUGLByQDPRGlLypNf0?api_key=RGAPI-0781c456-6d82-476c-b882-4ee91f1cf5c2 HTTP/1.1" 200 None
2019-05-17 15:33:09,430 | get_request-38 | 200 successful request
2019-05-17 15:33:09,430 | get_request-38 | 200 successful request
2019-05-17 15:33:12,190 | _new_conn-813 | Starting new HTTPS connection (1): euw1.api.riotgames.com:443
2019-05-17 15:33:13,114 | _make_request-393 | https://euw1.api.riotgames.com:443 "GET /lol/match/v4/matchlists/by-account/7rAxnE9A15m0ssVTj86cgx0Ji_NdP8OnQ0Dk4ept07Jh7z4?api_key=RGAPI-0781c456-6d82-476c-b882-4ee91f1cf5c2 HTTP/1.1" 404 71
2019-05-17 15:33:13,117 | get_request-27 | 404 invalid request
2019-05-17 15:33:13,117 | get_request-27 | 404 invalid request
2019-05-17 15:33:13,117 | get_request-38 | 404 successful request
2019-05-17 15:33:13,117 | get_request-38 | 404 successful request
2019-05-17 15:33:13,119 | _new_conn-813 | Starting new HTTPS connection (1): euw1.api.riotgames.com:443
2019-05-17 15:33:13,823 | _make_request-393 | https://euw1.api.riotgames.com:443 "GET /lol/match/v4/matches/4029952912?api_key=RGAPI-0781c456-6d82-476c-b882-4ee91f1cf5c2 HTTP/1.1" 200 None
2019-05-17 15:33:13,847 | get_request-38 | 200 successful request
2019-05-17 15:33:13,847 | get_request-38 | 200 successful request
2019-05-17 15:33:16,356 | _new_conn-813 | Starting new HTTPS connection (1): euw1.api.riotgames.com:443
2019-05-17 15:33:18,334 | _make_request-393 | https://euw1.api.riotgames.com:443 "GET /lol/match/v4/matchlists/by-account/NsHf-C62PsacQAJ5cDXDfhCgpRaqyzie3yB-hLTt0rn9Pxk?api_key=RGAPI-0781c456-6d82-476c-b882-4ee91f1cf5c2 HTTP/1.1" 200 None
2019-05-17 15:33:18,342 | get_request-38 | 200 successful request
2019-05-17 15:33:18,342 | get_request-38 | 200 successful request
2019-05-17 15:33:20,849 | _new_conn-813 | Starting new HTTPS connection (1): euw1.api.riotgames.com:443
2019-05-17 15:33:22,330 | _make_request-393 | https://euw1.api.riotgames.com:443 "GET /lol/match/v4/matchlists/by-account/i5NNr6y2hkdcepCuEQ-UtuJLNrKXQRjk39tuaU2nrwxbW0I?api_key=RGAPI-0781c456-6d82-476c-b882-4ee91f1cf5c2 HTTP/1.1" 200 1908
2019-05-17 15:33:22,333 | get_request-38 | 200 successful request
2019-05-17 15:33:22,333 | get_request-38 | 200 successful request
2019-05-17 15:33:24,845 | _new_conn-813 | Starting new HTTPS connection (1): euw1.api.riotgames.com:443
2019-05-17 15:33:26,120 | _make_request-393 | https://euw1.api.riotgames.com:443 "GET /lol/match/v4/matchlists/by-account/5r33nqmjA_sZM2yNu3CpW_3FCoOCC3MiahMwDlcFwwv3io0?api_key=RGAPI-0781c456-6d82-476c-b882-4ee91f1cf5c2 HTTP/1.1" 200 None
2019-05-17 15:33:26,123 | get_request-38 | 200 successful request
2019-05-17 15:33:26,123 | get_request-38 | 200 successful request
2019-05-17 15:33:28,628 | _new_conn-813 | Starting new HTTPS connection (1): euw1.api.riotgames.com:443
2019-05-17 15:33:29,802 | _make_request-393 | https://euw1.api.riotgames.com:443 "GET /lol/match/v4/matchlists/by-account/vLjAZXaMJb-oZsSrB4ypTJpiEEvFqLMf9ke2S8EnxWNEO04?api_key=RGAPI-0781c456-6d82-476c-b882-4ee91f1cf5c2 HTTP/1.1" 200 None
2019-05-17 15:33:29,805 | get_request-38 | 200 successful request
2019-05-17 15:33:29,805 | get_request-38 | 200 successful request
2019-05-17 15:33:32,312 | _new_conn-813 | Starting new HTTPS connection (1): euw1.api.riotgames.com:443
2019-05-17 15:33:34,923 | _make_request-393 | https://euw1.api.riotgames.com:443 "GET /lol/match/v4/matchlists/by-account/T12WQM5yPRTvOqfDfQnApWkFLYWi_zE20HoK4oreD5bfoPs?api_key=RGAPI-0781c456-6d82-476c-b882-4ee91f1cf5c2 HTTP/1.1" 200 None
2019-05-17 15:33:34,927 | get_request-38 | 200 successful request
2019-05-17 15:33:34,927 | get_request-38 | 200 successful request
2019-05-17 15:33:37,434 | _new_conn-813 | Starting new HTTPS connection (1): euw1.api.riotgames.com:443
2019-05-17 15:33:38,609 | _make_request-393 | https://euw1.api.riotgames.com:443 "GET /lol/match/v4/matchlists/by-account/Daam9viCqYCfViEqqW4KOoGZFglj4KprIpRXxfC3-xbPdE0?api_key=RGAPI-0781c456-6d82-476c-b882-4ee91f1cf5c2 HTTP/1.1" 200 None
2019-05-17 15:33:38,612 | get_request-38 | 200 successful request
2019-05-17 15:33:38,612 | get_request-38 | 200 successful request
2019-05-17 15:33:41,121 | _new_conn-813 | Starting new HTTPS connection (1): euw1.api.riotgames.com:443
2019-05-17 15:33:42,627 | _make_request-393 | https://euw1.api.riotgames.com:443 "GET /lol/match/v4/matchlists/by-account/T6ITTunIlhKK19-kcLy7Q9ofis0aVlndXd3ofZGluymXpS0?api_key=RGAPI-0781c456-6d82-476c-b882-4ee91f1cf5c2 HTTP/1.1" 200 None
2019-05-17 15:33:42,631 | get_request-38 | 200 successful request
2019-05-17 15:33:42,631 | get_request-38 | 200 successful request
2019-05-17 15:33:45,136 | _new_conn-813 | Starting new HTTPS connection (1): euw1.api.riotgames.com:443
2019-05-17 15:33:46,904 | _make_request-393 | https://euw1.api.riotgames.com:443 "GET /lol/match/v4/matchlists/by-account/AFvBI8QvM5hHqBemZ9GOySzXwr-Nm2MGRIUiY0rlxmo5QQ?api_key=RGAPI-0781c456-6d82-476c-b882-4ee91f1cf5c2 HTTP/1.1" 200 None
2019-05-17 15:33:46,908 | get_request-38 | 200 successful request
2019-05-17 15:33:46,908 | get_request-38 | 200 successful request
2019-05-17 15:33:49,418 | _new_conn-813 | Starting new HTTPS connection (1): euw1.api.riotgames.com:443
2019-05-17 15:33:50,928 | _make_request-393 | https://euw1.api.riotgames.com:443 "GET /lol/match/v4/matchlists/by-account/ZIQTWLSlI4PATlFg6i7fORhcI1tSx8Kjy2yrAtXCPID5vYw?api_key=RGAPI-0781c456-6d82-476c-b882-4ee91f1cf5c2 HTTP/1.1" 200 None
2019-05-17 15:33:50,948 | get_request-38 | 200 successful request
2019-05-17 15:33:50,948 | get_request-38 | 200 successful request
2019-05-17 15:33:53,458 | _new_conn-813 | Starting new HTTPS connection (1): euw1.api.riotgames.com:443
2019-05-17 15:33:54,583 | _make_request-393 | https://euw1.api.riotgames.com:443 "GET /lol/match/v4/matchlists/by-account/-BZrVIJyVApiV__9khS9PYOaA9-CpqEIjSsgTCRra9OayQ?api_key=RGAPI-0781c456-6d82-476c-b882-4ee91f1cf5c2 HTTP/1.1" 200 None
2019-05-17 15:33:54,586 | get_request-38 | 200 successful request
2019-05-17 15:33:54,586 | get_request-38 | 200 successful request
2019-05-17 15:33:57,090 | _new_conn-813 | Starting new HTTPS connection (1): euw1.api.riotgames.com:443
2019-05-17 15:33:58,597 | _make_request-393 | https://euw1.api.riotgames.com:443 "GET /lol/match/v4/matches/4029523203?api_key=RGAPI-0781c456-6d82-476c-b882-4ee91f1cf5c2 HTTP/1.1" 200 None
2019-05-17 15:33:58,985 | get_request-38 | 200 successful request
2019-05-17 15:33:58,985 | get_request-38 | 200 successful request
2019-05-17 15:34:01,491 | _new_conn-813 | Starting new HTTPS connection (1): euw1.api.riotgames.com:443
2019-05-17 15:34:07,489 | _make_request-393 | https://euw1.api.riotgames.com:443 "GET /lol/match/v4/matchlists/by-account/T6ITTunIlhKK19-kcLy7Q9ofis0aVlndXd3ofZGluymXpS0?api_key=RGAPI-0781c456-6d82-476c-b882-4ee91f1cf5c2 HTTP/1.1" 200 None
2019-05-17 15:34:07,492 | get_request-38 | 200 successful request
2019-05-17 15:34:07,492 | get_request-38 | 200 successful request
2019-05-17 15:34:10,002 | _new_conn-813 | Starting new HTTPS connection (1): euw1.api.riotgames.com:443
2019-05-17 15:34:11,480 | _make_request-393 | https://euw1.api.riotgames.com:443 "GET /lol/match/v4/matchlists/by-account/-ROkHDslPxLaRINDF-DVrD_TESWMZFDqRo2lR1I5oRbKjV-91IfY_Jw-?api_key=RGAPI-0781c456-6d82-476c-b882-4ee91f1cf5c2 HTTP/1.1" 200 None
2019-05-17 15:34:11,484 | get_request-38 | 200 successful request
2019-05-17 15:34:11,484 | get_request-38 | 200 successful request
2019-05-17 15:34:13,993 | _new_conn-813 | Starting new HTTPS connection (1): euw1.api.riotgames.com:443
2019-05-17 15:34:15,474 | _make_request-393 | https://euw1.api.riotgames.com:443 "GET /lol/match/v4/matchlists/by-account/QU-mMqtOcWjVOO-vEyL2zG12FY4iHklr0uu-Ji-ruaVwdLA?api_key=RGAPI-0781c456-6d82-476c-b882-4ee91f1cf5c2 HTTP/1.1" 200 None
2019-05-17 15:34:15,477 | get_request-38 | 200 successful request
2019-05-17 15:34:15,477 | get_request-38 | 200 successful request
2019-05-17 15:34:17,987 | _new_conn-813 | Starting new HTTPS connection (1): euw1.api.riotgames.com:443
2019-05-17 15:34:19,468 | _make_request-393 | https://euw1.api.riotgames.com:443 "GET /lol/match/v4/matchlists/by-account/9lsP1Jv-aD5Ghb0udxHT4hKQ2OMYY0cA3xrp0QQk90wYJg?api_key=RGAPI-0781c456-6d82-476c-b882-4ee91f1cf5c2 HTTP/1.1" 200 None
2019-05-17 15:34:19,471 | get_request-38 | 200 successful request
2019-05-17 15:34:19,471 | get_request-38 | 200 successful request
2019-05-17 15:34:21,977 | _new_conn-813 | Starting new HTTPS connection (1): euw1.api.riotgames.com:443
2019-05-17 15:34:24,383 | _make_request-393 | https://euw1.api.riotgames.com:443 "GET /lol/match/v4/matchlists/by-account/p-LfGG8JXxe5cMCJzuKLSUjXyFV4f9G-vV9jGhDxJQx_2A?api_key=RGAPI-0781c456-6d82-476c-b882-4ee91f1cf5c2 HTTP/1.1" 200 None
2019-05-17 15:34:24,388 | get_request-38 | 200 successful request
2019-05-17 15:34:24,388 | get_request-38 | 200 successful request
2019-05-17 15:34:26,896 | _new_conn-813 | Starting new HTTPS connection (1): euw1.api.riotgames.com:443
2019-05-17 15:34:29,152 | _make_request-393 | https://euw1.api.riotgames.com:443 "GET /lol/match/v4/matchlists/by-account/R0yJKSBRybxCK0P3_SxR9Cw7IL5FqAoellIwufZDFgESRw?api_key=RGAPI-0781c456-6d82-476c-b882-4ee91f1cf5c2 HTTP/1.1" 200 None
2019-05-17 15:34:29,154 | get_request-38 | 200 successful request
2019-05-17 15:34:29,154 | get_request-38 | 200 successful request
2019-05-17 15:34:31,665 | _new_conn-813 | Starting new HTTPS connection (1): euw1.api.riotgames.com:443
2019-05-17 15:34:33,915 | _make_request-393 | https://euw1.api.riotgames.com:443 "GET /lol/match/v4/matchlists/by-account/9OtIAABjaQRKGhNnA3tYEePSS1CQUnvOgRHo0lb4Zp5hHQ?api_key=RGAPI-0781c456-6d82-476c-b882-4ee91f1cf5c2 HTTP/1.1" 200 None
2019-05-17 15:34:33,918 | get_request-38 | 200 successful request
2019-05-17 15:34:33,918 | get_request-38 | 200 successful request
2019-05-17 15:34:36,425 | _new_conn-813 | Starting new HTTPS connection (1): euw1.api.riotgames.com:443
2019-05-17 15:34:38,204 | _make_request-393 | https://euw1.api.riotgames.com:443 "GET /lol/match/v4/matchlists/by-account/PQlS4CYrK0E-yWlhAI398yyzRwmUBmOXsj7gdVHR8sqHAfM?api_key=RGAPI-0781c456-6d82-476c-b882-4ee91f1cf5c2 HTTP/1.1" 200 None
2019-05-17 15:34:38,208 | get_request-38 | 200 successful request
2019-05-17 15:34:38,208 | get_request-38 | 200 successful request
2019-05-17 15:34:40,718 | _new_conn-813 | Starting new HTTPS connection (1): euw1.api.riotgames.com:443
2019-05-17 15:34:42,198 | _make_request-393 | https://euw1.api.riotgames.com:443 "GET /lol/match/v4/matchlists/by-account/q1PY_jsL_BOcws0lb_4tuTsz1OOJBjEmNMlXyLJok0fVOQ?api_key=RGAPI-0781c456-6d82-476c-b882-4ee91f1cf5c2 HTTP/1.1" 200 None
2019-05-17 15:34:42,201 | get_request-38 | 200 successful request
2019-05-17 15:34:42,201 | get_request-38 | 200 successful request
2019-05-17 15:34:44,706 | _new_conn-813 | Starting new HTTPS connection (1): euw1.api.riotgames.com:443
2019-05-17 15:34:46,503 | _make_request-393 | https://euw1.api.riotgames.com:443 "GET /lol/match/v4/matchlists/by-account/KEFdqlhdnKQ7DGEdTBqJFedbT7NAOkZRc1X_xkNu0mC1IKk?api_key=RGAPI-0781c456-6d82-476c-b882-4ee91f1cf5c2 HTTP/1.1" 200 None
2019-05-17 15:34:46,506 | get_request-38 | 200 successful request
2019-05-17 15:34:46,506 | get_request-38 | 200 successful request
2019-05-17 15:34:49,012 | _new_conn-813 | Starting new HTTPS connection (1): euw1.api.riotgames.com:443
2019-05-17 15:34:49,880 | _make_request-393 | https://euw1.api.riotgames.com:443 "GET /lol/match/v4/matches/4029453240?api_key=RGAPI-0781c456-6d82-476c-b882-4ee91f1cf5c2 HTTP/1.1" 200 None
2019-05-17 15:34:49,885 | get_request-38 | 200 successful request
2019-05-17 15:34:49,885 | get_request-38 | 200 successful request
2019-05-17 15:34:53,158 | _new_conn-813 | Starting new HTTPS connection (1): euw1.api.riotgames.com:443
2019-05-17 15:34:54,998 | _make_request-393 | https://euw1.api.riotgames.com:443 "GET /lol/match/v4/matchlists/by-account/T6ITTunIlhKK19-kcLy7Q9ofis0aVlndXd3ofZGluymXpS0?api_key=RGAPI-0781c456-6d82-476c-b882-4ee91f1cf5c2 HTTP/1.1" 200 None
2019-05-17 15:34:55,001 | get_request-38 | 200 successful request
2019-05-17 15:34:55,001 | get_request-38 | 200 successful request
2019-05-17 15:34:57,506 | _new_conn-813 | Starting new HTTPS connection (1): euw1.api.riotgames.com:443
2019-05-17 15:34:58,992 | _make_request-393 | https://euw1.api.riotgames.com:443 "GET /lol/match/v4/matchlists/by-account/iRHsLF_cU4BENgHwHDtbKzA9jL31Y52uSp81qj-x94e1wHk?api_key=RGAPI-0781c456-6d82-476c-b882-4ee91f1cf5c2 HTTP/1.1" 404 71
2019-05-17 15:34:58,995 | get_request-27 | 404 invalid request
2019-05-17 15:34:58,995 | get_request-27 | 404 invalid request
2019-05-17 15:34:58,995 | get_request-38 | 404 successful request
2019-05-17 15:34:58,995 | get_request-38 | 404 successful request
2019-05-17 15:34:58,997 | _new_conn-813 | Starting new HTTPS connection (1): euw1.api.riotgames.com:443
2019-05-17 15:35:00,011 | _make_request-393 | https://euw1.api.riotgames.com:443 "GET /lol/match/v4/matches/4029299038?api_key=RGAPI-0781c456-6d82-476c-b882-4ee91f1cf5c2 HTTP/1.1" 200 None
2019-05-17 15:35:00,017 | get_request-38 | 200 successful request
2019-05-17 15:35:00,017 | get_request-38 | 200 successful request
2019-05-17 15:35:02,520 | _new_conn-813 | Starting new HTTPS connection (1): euw1.api.riotgames.com:443
2019-05-17 15:35:03,617 | _make_request-393 | https://euw1.api.riotgames.com:443 "GET /lol/match/v4/matchlists/by-account/1oKdoZj7xtktgUmcIlxncd-5xo80y_M3SoGD_7BoSDrC_9M?api_key=RGAPI-0781c456-6d82-476c-b882-4ee91f1cf5c2 HTTP/1.1" 200 None
2019-05-17 15:35:03,621 | get_request-38 | 200 successful request
2019-05-17 15:35:03,621 | get_request-38 | 200 successful request
2019-05-17 15:35:06,130 | _new_conn-813 | Starting new HTTPS connection (1): euw1.api.riotgames.com:443
2019-05-17 15:35:07,711 | _make_request-393 | https://euw1.api.riotgames.com:443 "GET /lol/match/v4/matchlists/by-account/T6ITTunIlhKK19-kcLy7Q9ofis0aVlndXd3ofZGluymXpS0?api_key=RGAPI-0781c456-6d82-476c-b882-4ee91f1cf5c2 HTTP/1.1" 200 None
2019-05-17 15:35:07,714 | get_request-38 | 200 successful request
2019-05-17 15:35:07,714 | get_request-38 | 200 successful request
2019-05-17 15:35:10,223 | _new_conn-813 | Starting new HTTPS connection (1): euw1.api.riotgames.com:443
2019-05-17 15:35:12,203 | _make_request-393 | https://euw1.api.riotgames.com:443 "GET /lol/match/v4/matchlists/by-account/MS4OKZ9vYC0PpQqSLA5XkHP0xb1IovDjPr7t47PDsyXs14g?api_key=RGAPI-0781c456-6d82-476c-b882-4ee91f1cf5c2 HTTP/1.1" 200 None
2019-05-17 15:35:12,207 | get_request-38 | 200 successful request
2019-05-17 15:35:12,207 | get_request-38 | 200 successful request
2019-05-17 15:35:14,714 | _new_conn-813 | Starting new HTTPS connection (1): euw1.api.riotgames.com:443
2019-05-17 15:35:16,207 | _make_request-393 | https://euw1.api.riotgames.com:443 "GET /lol/match/v4/matchlists/by-account/8_e4HQJY85TdtpsxNrH4O7h43Q2KqyGcTZpyVFn2ExzaUUk?api_key=RGAPI-0781c456-6d82-476c-b882-4ee91f1cf5c2 HTTP/1.1" 200 None
2019-05-17 15:35:16,215 | get_request-38 | 200 successful request
2019-05-17 15:35:16,215 | get_request-38 | 200 successful request
2019-05-17 15:35:18,725 | _new_conn-813 | Starting new HTTPS connection (1): euw1.api.riotgames.com:443
2019-05-17 15:35:19,625 | _make_request-393 | https://euw1.api.riotgames.com:443 "GET /lol/match/v4/matchlists/by-account/27s3RsEsnV_Q1QdnJ40tFQVbafO8tuTv730FkrWWvZ74Qp4?api_key=RGAPI-0781c456-6d82-476c-b882-4ee91f1cf5c2 HTTP/1.1" 200 None
2019-05-17 15:35:19,630 | get_request-38 | 200 successful request
2019-05-17 15:35:19,630 | get_request-38 | 200 successful request
2019-05-17 15:35:22,139 | _new_conn-813 | Starting new HTTPS connection (1): euw1.api.riotgames.com:443
2019-05-17 15:35:23,265 | _make_request-393 | https://euw1.api.riotgames.com:443 "GET /lol/match/v4/matchlists/by-account/2c2cYuxZAXkoAjnKFQiee1gpQiFZEOORnKZErjqgRbNRSrk?api_key=RGAPI-0781c456-6d82-476c-b882-4ee91f1cf5c2 HTTP/1.1" 200 None
2019-05-17 15:35:23,269 | get_request-38 | 200 successful request
2019-05-17 15:35:23,269 | get_request-38 | 200 successful request
2019-05-17 15:35:25,774 | _new_conn-813 | Starting new HTTPS connection (1): euw1.api.riotgames.com:443
2019-05-17 15:35:26,974 | _make_request-393 | https://euw1.api.riotgames.com:443 "GET /lol/match/v4/matchlists/by-account/UAxRnjLiiFrhbExEJUKD2v5xBtFhjUDUQgdaCuF1shdwgA?api_key=RGAPI-0781c456-6d82-476c-b882-4ee91f1cf5c2 HTTP/1.1" 200 1824
2019-05-17 15:35:26,976 | get_request-38 | 200 successful request
2019-05-17 15:35:26,976 | get_request-38 | 200 successful request
2019-05-17 15:35:29,482 | _new_conn-813 | Starting new HTTPS connection (1): euw1.api.riotgames.com:443
2019-05-17 15:35:30,185 | _make_request-393 | https://euw1.api.riotgames.com:443 "GET /lol/match/v4/matchlists/by-account/Fl58XGOys4uFoksbQZ2ZhLMZfgyiaApJaHA3WnY3tqoOcg?api_key=RGAPI-0781c456-6d82-476c-b882-4ee91f1cf5c2 HTTP/1.1" 200 None
2019-05-17 15:35:30,188 | get_request-38 | 200 successful request
2019-05-17 15:35:30,188 | get_request-38 | 200 successful request
2019-05-17 15:35:32,698 | _new_conn-813 | Starting new HTTPS connection (1): euw1.api.riotgames.com:443
2019-05-17 15:35:34,261 | _make_request-393 | https://euw1.api.riotgames.com:443 "GET /lol/match/v4/matchlists/by-account/F_4eBDfDo9W111iYKcZm3jO7XR1PPlcDFrVQvi1qz2Zsyw?api_key=RGAPI-0781c456-6d82-476c-b882-4ee91f1cf5c2 HTTP/1.1" 200 None
2019-05-17 15:35:34,264 | get_request-38 | 200 successful request
2019-05-17 15:35:34,264 | get_request-38 | 200 successful request
2019-05-17 15:35:36,770 | _new_conn-813 | Starting new HTTPS connection (1): euw1.api.riotgames.com:443
2019-05-17 15:35:38,010 | _make_request-393 | https://euw1.api.riotgames.com:443 "GET /lol/match/v4/matchlists/by-account/dUnLizpfM2e16g6I6t3vN9tD-D6gCUd8i-gZoXF4o_DbxQ?api_key=RGAPI-0781c456-6d82-476c-b882-4ee91f1cf5c2 HTTP/1.1" 200 None
2019-05-17 15:35:38,014 | get_request-38 | 200 successful request
2019-05-17 15:35:38,014 | get_request-38 | 200 successful request
2019-05-17 15:35:40,524 | _new_conn-813 | Starting new HTTPS connection (1): euw1.api.riotgames.com:443
2019-05-17 15:35:41,389 | _make_request-393 | https://euw1.api.riotgames.com:443 "GET /lol/match/v4/matches/4029263891?api_key=RGAPI-0781c456-6d82-476c-b882-4ee91f1cf5c2 HTTP/1.1" 200 None
2019-05-17 15:35:41,394 | get_request-38 | 200 successful request
2019-05-17 15:35:41,394 | get_request-38 | 200 successful request
2019-05-17 15:35:43,897 | _new_conn-813 | Starting new HTTPS connection (1): euw1.api.riotgames.com:443
2019-05-17 15:35:44,767 | _make_request-393 | https://euw1.api.riotgames.com:443 "GET /lol/match/v4/matchlists/by-account/n-2sqjwSS_0EeJdkzKZI23Jg4Rh-_fDRG74BtKi6SbT4qrQ?api_key=RGAPI-0781c456-6d82-476c-b882-4ee91f1cf5c2 HTTP/1.1" 404 71
2019-05-17 15:35:44,770 | get_request-27 | 404 invalid request
2019-05-17 15:35:44,770 | get_request-27 | 404 invalid request
2019-05-17 15:35:44,770 | get_request-38 | 404 successful request
2019-05-17 15:35:44,770 | get_request-38 | 404 successful request
2019-05-17 15:35:44,773 | _new_conn-813 | Starting new HTTPS connection (1): euw1.api.riotgames.com:443
2019-05-17 15:35:45,690 | _make_request-393 | https://euw1.api.riotgames.com:443 "GET /lol/match/v4/matches/4029228378?api_key=RGAPI-0781c456-6d82-476c-b882-4ee91f1cf5c2 HTTP/1.1" 200 None
2019-05-17 15:35:45,696 | get_request-38 | 200 successful request
2019-05-17 15:35:45,696 | get_request-38 | 200 successful request
2019-05-17 15:35:48,200 | _new_conn-813 | Starting new HTTPS connection (1): euw1.api.riotgames.com:443
2019-05-17 15:35:49,685 | _make_request-393 | https://euw1.api.riotgames.com:443 "GET /lol/match/v4/matchlists/by-account/HD_e7ZawI1ynBhbWrA8mP4v_fouqjJmvhhMUmml2EYs5Vw?api_key=RGAPI-0781c456-6d82-476c-b882-4ee91f1cf5c2 HTTP/1.1" 200 None
2019-05-17 15:35:49,689 | get_request-38 | 200 successful request
2019-05-17 15:35:49,689 | get_request-38 | 200 successful request
2019-05-17 15:35:52,199 | _new_conn-813 | Starting new HTTPS connection (1): euw1.api.riotgames.com:443
2019-05-17 15:35:53,678 | _make_request-393 | https://euw1.api.riotgames.com:443 "GET /lol/match/v4/matchlists/by-account/Yj2T0QAj-0Zxg4OqKYziJ235a8LwRA1TPiH6sSvioqGtbaA?api_key=RGAPI-0781c456-6d82-476c-b882-4ee91f1cf5c2 HTTP/1.1" 200 None
2019-05-17 15:35:53,681 | get_request-38 | 200 successful request
2019-05-17 15:35:53,681 | get_request-38 | 200 successful request
2019-05-17 15:35:56,187 | _new_conn-813 | Starting new HTTPS connection (1): euw1.api.riotgames.com:443
2019-05-17 15:35:59,513 | _make_request-393 | https://euw1.api.riotgames.com:443 "GET /lol/match/v4/matchlists/by-account/T6ITTunIlhKK19-kcLy7Q9ofis0aVlndXd3ofZGluymXpS0?api_key=RGAPI-0781c456-6d82-476c-b882-4ee91f1cf5c2 HTTP/1.1" 200 None
2019-05-17 15:35:59,516 | get_request-38 | 200 successful request
2019-05-17 15:35:59,516 | get_request-38 | 200 successful request
2019-05-17 15:36:02,026 | _new_conn-813 | Starting new HTTPS connection (1): euw1.api.riotgames.com:443
2019-05-17 15:36:03,201 | _make_request-393 | https://euw1.api.riotgames.com:443 "GET /lol/match/v4/matchlists/by-account/MS4OKZ9vYC0PpQqSLA5XkHP0xb1IovDjPr7t47PDsyXs14g?api_key=RGAPI-0781c456-6d82-476c-b882-4ee91f1cf5c2 HTTP/1.1" 200 None
2019-05-17 15:36:03,204 | get_request-38 | 200 successful request
2019-05-17 15:36:03,204 | get_request-38 | 200 successful request
2019-05-17 15:36:05,714 | _new_conn-813 | Starting new HTTPS connection (1): euw1.api.riotgames.com:443
2019-05-17 15:36:06,582 | _make_request-393 | https://euw1.api.riotgames.com:443 "GET /lol/match/v4/matchlists/by-account/8_e4HQJY85TdtpsxNrH4O7h43Q2KqyGcTZpyVFn2ExzaUUk?api_key=RGAPI-0781c456-6d82-476c-b882-4ee91f1cf5c2 HTTP/1.1" 200 1863
2019-05-17 15:36:06,585 | get_request-38 | 200 successful request
2019-05-17 15:36:06,585 | get_request-38 | 200 successful request
2019-05-17 15:36:09,089 | _new_conn-813 | Starting new HTTPS connection (1): euw1.api.riotgames.com:443
2019-05-17 15:36:09,958 | _make_request-393 | https://euw1.api.riotgames.com:443 "GET /lol/match/v4/matchlists/by-account/pf4IndWQgNv-ykmSbzFqF-cvftQ7u1XsK-pGX3UxdoaBpQ?api_key=RGAPI-0781c456-6d82-476c-b882-4ee91f1cf5c2 HTTP/1.1" 200 None
2019-05-17 15:36:09,961 | get_request-38 | 200 successful request
2019-05-17 15:36:09,961 | get_request-38 | 200 successful request
2019-05-17 15:36:12,465 | _new_conn-813 | Starting new HTTPS connection (1): euw1.api.riotgames.com:443
2019-05-17 15:36:13,102 | _make_request-393 | https://euw1.api.riotgames.com:443 "GET /lol/match/v4/matchlists/by-account/mnzkQrNNddIplJnWmhRNIQ9-4_2ONro7KnHb7nR-6djf6X4?api_key=RGAPI-0781c456-6d82-476c-b882-4ee91f1cf5c2 HTTP/1.1" 200 1787
2019-05-17 15:36:13,105 | get_request-38 | 200 successful request
2019-05-17 15:36:13,105 | get_request-38 | 200 successful request
2019-05-17 15:36:15,610 | _new_conn-813 | Starting new HTTPS connection (1): euw1.api.riotgames.com:443
2019-05-17 15:36:16,408 | _make_request-393 | https://euw1.api.riotgames.com:443 "GET /lol/match/v4/matchlists/by-account/FUDeyLPqKcXI2oNjN2sf_r6HN4TkgGO_Nbp_7zLJ-8HbLw?api_key=RGAPI-0781c456-6d82-476c-b882-4ee91f1cf5c2 HTTP/1.1" 200 None
2019-05-17 15:36:16,413 | get_request-38 | 200 successful request
2019-05-17 15:36:16,413 | get_request-38 | 200 successful request
2019-05-17 15:36:18,921 | _new_conn-813 | Starting new HTTPS connection (1): euw1.api.riotgames.com:443
2019-05-17 15:36:19,796 | _make_request-393 | https://euw1.api.riotgames.com:443 "GET /lol/match/v4/matchlists/by-account/cUQiGISCCXYMV5oBfvRy0L5z-nN7qOqyfS54ubyaYEkF8Q?api_key=RGAPI-0781c456-6d82-476c-b882-4ee91f1cf5c2 HTTP/1.1" 200 None
2019-05-17 15:36:19,800 | get_request-38 | 200 successful request
2019-05-17 15:36:19,800 | get_request-38 | 200 successful request
2019-05-17 15:36:22,305 | _new_conn-813 | Starting new HTTPS connection (1): euw1.api.riotgames.com:443
2019-05-17 15:36:23,167 | _make_request-393 | https://euw1.api.riotgames.com:443 "GET /lol/match/v4/matchlists/by-account/WGTOzqpMT1CbqUZAmQsULo0X59rFf2dwNodjIRlQO-q_1g?api_key=RGAPI-0781c456-6d82-476c-b882-4ee91f1cf5c2 HTTP/1.1" 200 None
2019-05-17 15:36:23,171 | get_request-38 | 200 successful request
2019-05-17 15:36:23,171 | get_request-38 | 200 successful request
2019-05-17 15:36:25,679 | _new_conn-813 | Starting new HTTPS connection (1): euw1.api.riotgames.com:443
2019-05-17 15:36:26,546 | _make_request-393 | https://euw1.api.riotgames.com:443 "GET /lol/match/v4/matches/4029220796?api_key=RGAPI-0781c456-6d82-476c-b882-4ee91f1cf5c2 HTTP/1.1" 200 None
2019-05-17 15:36:26,549 | get_request-38 | 200 successful request
2019-05-17 15:36:26,549 | get_request-38 | 200 successful request
2019-05-17 15:36:29,053 | _new_conn-813 | Starting new HTTPS connection (1): euw1.api.riotgames.com:443
2019-05-17 15:36:29,927 | _make_request-393 | https://euw1.api.riotgames.com:443 "GET /lol/match/v4/matchlists/by-account/pGO01t2HrTO-19CYzRfKqceWE49vkiSHoDS8fqqaCDlO-w?api_key=RGAPI-0781c456-6d82-476c-b882-4ee91f1cf5c2 HTTP/1.1" 200 None
2019-05-17 15:36:29,934 | get_request-38 | 200 successful request
2019-05-17 15:36:29,934 | get_request-38 | 200 successful request
2019-05-17 15:36:32,699 | _new_conn-813 | Starting new HTTPS connection (1): euw1.api.riotgames.com:443
2019-05-17 15:36:33,613 | _make_request-393 | https://euw1.api.riotgames.com:443 "GET /lol/match/v4/matchlists/by-account/Yj2T0QAj-0Zxg4OqKYziJ235a8LwRA1TPiH6sSvioqGtbaA?api_key=RGAPI-0781c456-6d82-476c-b882-4ee91f1cf5c2 HTTP/1.1" 200 None
2019-05-17 15:36:33,617 | get_request-38 | 200 successful request
2019-05-17 15:36:33,617 | get_request-38 | 200 successful request
2019-05-17 15:36:36,127 | _new_conn-813 | Starting new HTTPS connection (1): euw1.api.riotgames.com:443
2019-05-17 15:36:37,093 | _make_request-393 | https://euw1.api.riotgames.com:443 "GET /lol/match/v4/matchlists/by-account/T6ITTunIlhKK19-kcLy7Q9ofis0aVlndXd3ofZGluymXpS0?api_key=RGAPI-0781c456-6d82-476c-b882-4ee91f1cf5c2 HTTP/1.1" 200 None
2019-05-17 15:36:37,096 | get_request-38 | 200 successful request
2019-05-17 15:36:37,096 | get_request-38 | 200 successful request
2019-05-17 15:36:39,605 | _new_conn-813 | Starting new HTTPS connection (1): euw1.api.riotgames.com:443
2019-05-17 15:36:40,370 | _make_request-393 | https://euw1.api.riotgames.com:443 "GET /lol/match/v4/matchlists/by-account/8_e4HQJY85TdtpsxNrH4O7h43Q2KqyGcTZpyVFn2ExzaUUk?api_key=RGAPI-0781c456-6d82-476c-b882-4ee91f1cf5c2 HTTP/1.1" 200 None
2019-05-17 15:36:40,375 | get_request-38 | 200 successful request
2019-05-17 15:36:40,375 | get_request-38 | 200 successful request
2019-05-17 15:36:42,879 | _new_conn-813 | Starting new HTTPS connection (1): euw1.api.riotgames.com:443
2019-05-17 15:36:43,749 | _make_request-393 | https://euw1.api.riotgames.com:443 "GET /lol/match/v4/matchlists/by-account/T2tdAtio3uwm0YxRNZAvCoPmQv9tG8HMT41GVyNvHog5fPg?api_key=RGAPI-0781c456-6d82-476c-b882-4ee91f1cf5c2 HTTP/1.1" 200 None
2019-05-17 15:36:43,752 | get_request-38 | 200 successful request
2019-05-17 15:36:43,752 | get_request-38 | 200 successful request
