2019-05-27 18:41:14,200 | _new_conn-813 | Starting new HTTPS connection (1): euw1.api.riotgames.com:443
2019-05-27 18:41:14,444 | _make_request-393 | https://euw1.api.riotgames.com:443 "GET /lol/summoner/v4/summoners/by-name/Hornlime?api_key=RGAPI-53007931-56bc-4b3d-aa4b-3e2044777039 HTTP/1.1" 200 None
2019-05-27 18:41:14,450 | get_request-38 | 200 successful request
2019-05-27 18:41:14,450 | get_request-38 | 200 successful request
2019-05-27 18:41:14,451 | _new_conn-813 | Starting new HTTPS connection (1): euw1.api.riotgames.com:443
2019-05-27 18:41:14,577 | _make_request-393 | https://euw1.api.riotgames.com:443 "GET /lol/spectator/v4/active-games/by-summoner/B17_tT7nG-_gCdkkPgDIhVwNKsDazhdhATfQTNvcEAzpxLY?api_key=RGAPI-53007931-56bc-4b3d-aa4b-3e2044777039 HTTP/1.1" 404 71
2019-05-27 18:41:16,580 | _new_conn-813 | Starting new HTTPS connection (1): euw1.api.riotgames.com:443
2019-05-27 18:41:16,704 | _make_request-393 | https://euw1.api.riotgames.com:443 "GET /lol/spectator/v4/active-games/by-summoner/B17_tT7nG-_gCdkkPgDIhVwNKsDazhdhATfQTNvcEAzpxLY?api_key=RGAPI-53007931-56bc-4b3d-aa4b-3e2044777039 HTTP/1.1" 404 71
2019-05-27 18:41:16,705 | get_request-23 | 404 invalid request
2019-05-27 18:41:16,705 | get_request-23 | 404 invalid request
2019-05-27 18:42:52,279 | _new_conn-813 | Starting new HTTPS connection (1): euw1.api.riotgames.com:443
2019-05-27 18:42:52,419 | _make_request-393 | https://euw1.api.riotgames.com:443 "GET /lol/summoner/v4/summoners/by-name/Hornlime?api_key=RGAPI-53007931-56bc-4b3d-aa4b-3e2044777039 HTTP/1.1" 200 None
2019-05-27 18:42:52,420 | get_request-38 | 200 successful request
2019-05-27 18:42:52,420 | get_request-38 | 200 successful request
2019-05-27 18:42:52,422 | _new_conn-813 | Starting new HTTPS connection (1): euw1.api.riotgames.com:443
2019-05-27 18:42:52,545 | _make_request-393 | https://euw1.api.riotgames.com:443 "GET /lol/spectator/v4/active-games/by-summoner/B17_tT7nG-_gCdkkPgDIhVwNKsDazhdhATfQTNvcEAzpxLY?api_key=RGAPI-53007931-56bc-4b3d-aa4b-3e2044777039 HTTP/1.1" 404 71
2019-05-27 18:42:54,547 | _new_conn-813 | Starting new HTTPS connection (1): euw1.api.riotgames.com:443
2019-05-27 18:42:54,688 | _make_request-393 | https://euw1.api.riotgames.com:443 "GET /lol/spectator/v4/active-games/by-summoner/B17_tT7nG-_gCdkkPgDIhVwNKsDazhdhATfQTNvcEAzpxLY?api_key=RGAPI-53007931-56bc-4b3d-aa4b-3e2044777039 HTTP/1.1" 404 71
2019-05-27 18:42:54,689 | get_request-23 | 404 invalid request
2019-05-27 18:42:54,689 | get_request-23 | 404 invalid request
2019-05-27 18:43:25,345 | _new_conn-813 | Starting new HTTPS connection (1): euw1.api.riotgames.com:443
2019-05-27 18:43:25,484 | _make_request-393 | https://euw1.api.riotgames.com:443 "GET /lol/summoner/v4/summoners/by-name/Enga?api_key=RGAPI-53007931-56bc-4b3d-aa4b-3e2044777039 HTTP/1.1" 200 None
2019-05-27 18:43:25,486 | get_request-38 | 200 successful request
2019-05-27 18:43:25,486 | get_request-38 | 200 successful request
2019-05-27 18:43:25,487 | _new_conn-813 | Starting new HTTPS connection (1): euw1.api.riotgames.com:443
2019-05-27 18:43:25,637 | _make_request-393 | https://euw1.api.riotgames.com:443 "GET /lol/spectator/v4/active-games/by-summoner/rHe5XjcMDzpnufcCqdsknjsNVNObCJ2NRkyc6PlKR9r6t4w?api_key=RGAPI-53007931-56bc-4b3d-aa4b-3e2044777039 HTTP/1.1" 404 71
2019-05-27 18:43:27,640 | _new_conn-813 | Starting new HTTPS connection (1): euw1.api.riotgames.com:443
2019-05-27 18:43:27,767 | _make_request-393 | https://euw1.api.riotgames.com:443 "GET /lol/spectator/v4/active-games/by-summoner/rHe5XjcMDzpnufcCqdsknjsNVNObCJ2NRkyc6PlKR9r6t4w?api_key=RGAPI-53007931-56bc-4b3d-aa4b-3e2044777039 HTTP/1.1" 404 71
2019-05-27 18:43:27,768 | get_request-23 | 404 invalid request
2019-05-27 18:43:27,768 | get_request-23 | 404 invalid request
2019-05-27 18:45:30,303 | _new_conn-813 | Starting new HTTPS connection (1): euw1.api.riotgames.com:443
2019-05-27 18:45:30,439 | _make_request-393 | https://euw1.api.riotgames.com:443 "GET /lol/summoner/v4/summoners/by-name/1chope?api_key=RGAPI-53007931-56bc-4b3d-aa4b-3e2044777039 HTTP/1.1" 404 84
2019-05-27 18:45:32,442 | _new_conn-813 | Starting new HTTPS connection (1): euw1.api.riotgames.com:443
2019-05-27 18:45:32,579 | _make_request-393 | https://euw1.api.riotgames.com:443 "GET /lol/summoner/v4/summoners/by-name/1chope?api_key=RGAPI-53007931-56bc-4b3d-aa4b-3e2044777039 HTTP/1.1" 404 84
2019-05-27 18:45:32,581 | get_request-23 | 404 invalid request
2019-05-27 18:45:32,581 | get_request-23 | 404 invalid request
2019-05-27 18:51:42,412 | _new_conn-813 | Starting new HTTPS connection (1): euw1.api.riotgames.com:443
2019-05-27 18:51:42,548 | _make_request-393 | https://euw1.api.riotgames.com:443 "GET /lol/summoner/v4/summoners/by-name/kikis?api_key=RGAPI-53007931-56bc-4b3d-aa4b-3e2044777039 HTTP/1.1" 200 265
2019-05-27 18:51:42,550 | get_request-38 | 200 successful request
2019-05-27 18:51:42,550 | get_request-38 | 200 successful request
2019-05-27 18:51:42,551 | _new_conn-813 | Starting new HTTPS connection (1): euw1.api.riotgames.com:443
2019-05-27 18:51:42,686 | _make_request-393 | https://euw1.api.riotgames.com:443 "GET /lol/spectator/v4/active-games/by-summoner/iHw2tSA8Ay5LbMZhDTb1FKy5mM94ZBakE8m9QSsb9OPRkVU?api_key=RGAPI-53007931-56bc-4b3d-aa4b-3e2044777039 HTTP/1.1" 200 None
2019-05-27 18:51:42,688 | get_request-38 | 200 successful request
2019-05-27 18:51:42,688 | get_request-38 | 200 successful request
2019-05-27 18:51:42,689 | _new_conn-813 | Starting new HTTPS connection (1): euw1.api.riotgames.com:443
2019-05-27 18:51:43,001 | _make_request-393 | https://euw1.api.riotgames.com:443 "GET /lol/match/v4/matches/4044249761?api_key=RGAPI-53007931-56bc-4b3d-aa4b-3e2044777039 HTTP/1.1" 404 71
2019-05-27 18:51:45,004 | _new_conn-813 | Starting new HTTPS connection (1): euw1.api.riotgames.com:443
2019-05-27 18:51:45,295 | _make_request-393 | https://euw1.api.riotgames.com:443 "GET /lol/match/v4/matches/4044249761?api_key=RGAPI-53007931-56bc-4b3d-aa4b-3e2044777039 HTTP/1.1" 404 None
2019-05-27 18:51:45,298 | get_request-23 | 404 invalid request
2019-05-27 18:51:45,298 | get_request-23 | 404 invalid request
2019-05-27 18:51:45,299 | _new_conn-813 | Starting new HTTPS connection (1): euw1.api.riotgames.com:443
2019-05-27 18:51:45,416 | _make_request-393 | https://euw1.api.riotgames.com:443 "GET /lol/league/v4/entries/by-summoner/MBgPwsvLYWkTJQDhAPgSWGdVcSRa6YM8-NgwQJXtm83o16M?api_key=RGAPI-53007931-56bc-4b3d-aa4b-3e2044777039 HTTP/1.1" 200 None
2019-05-27 18:51:45,418 | get_request-38 | 200 successful request
2019-05-27 18:51:45,418 | get_request-38 | 200 successful request
2019-05-27 18:51:45,619 | _new_conn-813 | Starting new HTTPS connection (1): euw1.api.riotgames.com:443
2019-05-27 18:51:45,735 | _make_request-393 | https://euw1.api.riotgames.com:443 "GET /lol/league/v4/entries/by-summoner/iMYg0L3E9SBZ4sIrijM2YrISZitIPkuObiUGr0PvU1-s7Vp8?api_key=RGAPI-53007931-56bc-4b3d-aa4b-3e2044777039 HTTP/1.1" 200 None
2019-05-27 18:51:45,737 | get_request-38 | 200 successful request
2019-05-27 18:51:45,737 | get_request-38 | 200 successful request
2019-05-27 18:51:45,938 | _new_conn-813 | Starting new HTTPS connection (1): euw1.api.riotgames.com:443
2019-05-27 18:51:46,056 | _make_request-393 | https://euw1.api.riotgames.com:443 "GET /lol/league/v4/entries/by-summoner/Z3r-FOEC4RRAoJ1NflNR5FbCm91ROHi-waSlZolQ2Tf5frM?api_key=RGAPI-53007931-56bc-4b3d-aa4b-3e2044777039 HTTP/1.1" 200 268
2019-05-27 18:51:46,058 | get_request-38 | 200 successful request
2019-05-27 18:51:46,058 | get_request-38 | 200 successful request
2019-05-27 18:51:46,259 | _new_conn-813 | Starting new HTTPS connection (1): euw1.api.riotgames.com:443
2019-05-27 18:51:46,377 | _make_request-393 | https://euw1.api.riotgames.com:443 "GET /lol/league/v4/entries/by-summoner/tP36quUKcdOzSQ0A320_tqX5yfHRbkp5nvjZsnwTJsEAXJs?api_key=RGAPI-53007931-56bc-4b3d-aa4b-3e2044777039 HTTP/1.1" 200 266
2019-05-27 18:51:46,379 | get_request-38 | 200 successful request
2019-05-27 18:51:46,379 | get_request-38 | 200 successful request
2019-05-27 18:51:46,581 | _new_conn-813 | Starting new HTTPS connection (1): euw1.api.riotgames.com:443
2019-05-27 18:51:46,702 | _make_request-393 | https://euw1.api.riotgames.com:443 "GET /lol/league/v4/entries/by-summoner/j3d7mmxK9M3b3Isbzw81Bxx8xDwXxnlpxBF9j4-NIUzbiKL4?api_key=RGAPI-53007931-56bc-4b3d-aa4b-3e2044777039 HTTP/1.1" 200 265
2019-05-27 18:51:46,704 | get_request-38 | 200 successful request
2019-05-27 18:51:46,704 | get_request-38 | 200 successful request
2019-05-27 18:51:46,905 | _new_conn-813 | Starting new HTTPS connection (1): euw1.api.riotgames.com:443
2019-05-27 18:51:47,044 | _make_request-393 | https://euw1.api.riotgames.com:443 "GET /lol/league/v4/entries/by-summoner/iHw2tSA8Ay5LbMZhDTb1FKy5mM94ZBakE8m9QSsb9OPRkVU?api_key=RGAPI-53007931-56bc-4b3d-aa4b-3e2044777039 HTTP/1.1" 200 None
2019-05-27 18:51:47,045 | get_request-38 | 200 successful request
2019-05-27 18:51:47,045 | get_request-38 | 200 successful request
2019-05-27 18:51:47,248 | _new_conn-813 | Starting new HTTPS connection (1): euw1.api.riotgames.com:443
2019-05-27 18:51:47,469 | _make_request-393 | https://euw1.api.riotgames.com:443 "GET /lol/league/v4/entries/by-summoner/tP9IK-dXdx3EfsDCk_IfnwWjtfGZy29yOXnNRXe1bVLcVnfp?api_key=RGAPI-53007931-56bc-4b3d-aa4b-3e2044777039 HTTP/1.1" 200 369
2019-05-27 18:51:47,471 | get_request-38 | 200 successful request
2019-05-27 18:51:47,471 | get_request-38 | 200 successful request
2019-05-27 18:51:47,673 | _new_conn-813 | Starting new HTTPS connection (1): euw1.api.riotgames.com:443
2019-05-27 18:51:47,795 | _make_request-393 | https://euw1.api.riotgames.com:443 "GET /lol/league/v4/entries/by-summoner/LL0yQPB7Wjn1HW6eLOifSBwTtLKDnPa953DPDely1nbjVsg?api_key=RGAPI-53007931-56bc-4b3d-aa4b-3e2044777039 HTTP/1.1" 200 269
2019-05-27 18:51:47,797 | get_request-38 | 200 successful request
2019-05-27 18:51:47,797 | get_request-38 | 200 successful request
2019-05-27 18:51:47,999 | _new_conn-813 | Starting new HTTPS connection (1): euw1.api.riotgames.com:443
2019-05-27 18:51:48,122 | _make_request-393 | https://euw1.api.riotgames.com:443 "GET /lol/league/v4/entries/by-summoner/pWD6FHxTtfM4JRtAA66AffvnD016rc6xtQOz9pp5YQvcspQ?api_key=RGAPI-53007931-56bc-4b3d-aa4b-3e2044777039 HTTP/1.1" 200 None
2019-05-27 18:51:48,123 | get_request-38 | 200 successful request
2019-05-27 18:51:48,123 | get_request-38 | 200 successful request
2019-05-27 18:51:48,325 | _new_conn-813 | Starting new HTTPS connection (1): euw1.api.riotgames.com:443
2019-05-27 18:51:48,453 | _make_request-393 | https://euw1.api.riotgames.com:443 "GET /lol/league/v4/entries/by-summoner/LMepxiP8-WwUTfZhYcp2m_0-8YbtKVtj6XFGrvqIZ51c9mZL?api_key=RGAPI-53007931-56bc-4b3d-aa4b-3e2044777039 HTTP/1.1" 200 263
2019-05-27 18:51:48,455 | get_request-38 | 200 successful request
2019-05-27 18:51:48,455 | get_request-38 | 200 successful request
2019-05-27 18:51:49,157 | _new_conn-813 | Starting new HTTPS connection (1): euw1.api.riotgames.com:443
2019-05-27 18:51:49,365 | _make_request-393 | https://euw1.api.riotgames.com:443 "GET /lol/champion-mastery/v4/champion-masteries/by-summoner/MBgPwsvLYWkTJQDhAPgSWGdVcSRa6YM8-NgwQJXtm83o16M?api_key=RGAPI-53007931-56bc-4b3d-aa4b-3e2044777039 HTTP/1.1" 200 None
2019-05-27 18:51:49,368 | get_request-38 | 200 successful request
2019-05-27 18:51:49,368 | get_request-38 | 200 successful request
2019-05-27 18:51:49,370 | _new_conn-813 | Starting new HTTPS connection (1): euw1.api.riotgames.com:443
2019-05-27 18:51:49,505 | _make_request-393 | https://euw1.api.riotgames.com:443 "GET /lol/champion-mastery/v4/champion-masteries/by-summoner/MBgPwsvLYWkTJQDhAPgSWGdVcSRa6YM8-NgwQJXtm83o16M?api_key=RGAPI-53007931-56bc-4b3d-aa4b-3e2044777039 HTTP/1.1" 200 None
2019-05-27 18:51:49,507 | get_request-38 | 200 successful request
2019-05-27 18:51:49,507 | get_request-38 | 200 successful request
2019-05-27 18:51:49,509 | _new_conn-813 | Starting new HTTPS connection (1): euw1.api.riotgames.com:443
2019-05-27 18:51:49,675 | _make_request-393 | https://euw1.api.riotgames.com:443 "GET /lol/champion-mastery/v4/champion-masteries/by-summoner/MBgPwsvLYWkTJQDhAPgSWGdVcSRa6YM8-NgwQJXtm83o16M?api_key=RGAPI-53007931-56bc-4b3d-aa4b-3e2044777039 HTTP/1.1" 200 None
2019-05-27 18:51:49,677 | get_request-38 | 200 successful request
2019-05-27 18:51:49,677 | get_request-38 | 200 successful request
2019-05-27 18:51:49,679 | _new_conn-813 | Starting new HTTPS connection (1): euw1.api.riotgames.com:443
2019-05-27 18:51:49,812 | _make_request-393 | https://euw1.api.riotgames.com:443 "GET /lol/champion-mastery/v4/champion-masteries/by-summoner/MBgPwsvLYWkTJQDhAPgSWGdVcSRa6YM8-NgwQJXtm83o16M?api_key=RGAPI-53007931-56bc-4b3d-aa4b-3e2044777039 HTTP/1.1" 200 None
2019-05-27 18:51:49,814 | get_request-38 | 200 successful request
2019-05-27 18:51:49,814 | get_request-38 | 200 successful request
2019-05-27 18:51:49,815 | _new_conn-813 | Starting new HTTPS connection (1): euw1.api.riotgames.com:443
2019-05-27 18:51:49,947 | _make_request-393 | https://euw1.api.riotgames.com:443 "GET /lol/champion-mastery/v4/champion-masteries/by-summoner/MBgPwsvLYWkTJQDhAPgSWGdVcSRa6YM8-NgwQJXtm83o16M?api_key=RGAPI-53007931-56bc-4b3d-aa4b-3e2044777039 HTTP/1.1" 200 None
2019-05-27 18:51:49,949 | get_request-38 | 200 successful request
2019-05-27 18:51:49,949 | get_request-38 | 200 successful request
2019-05-27 18:51:49,951 | _new_conn-813 | Starting new HTTPS connection (1): euw1.api.riotgames.com:443
2019-05-27 18:51:50,075 | _make_request-393 | https://euw1.api.riotgames.com:443 "GET /lol/champion-mastery/v4/champion-masteries/by-summoner/MBgPwsvLYWkTJQDhAPgSWGdVcSRa6YM8-NgwQJXtm83o16M?api_key=RGAPI-53007931-56bc-4b3d-aa4b-3e2044777039 HTTP/1.1" 200 None
2019-05-27 18:51:50,077 | get_request-38 | 200 successful request
2019-05-27 18:51:50,077 | get_request-38 | 200 successful request
2019-05-27 18:51:50,078 | _new_conn-813 | Starting new HTTPS connection (1): euw1.api.riotgames.com:443
2019-05-27 18:51:50,201 | _make_request-393 | https://euw1.api.riotgames.com:443 "GET /lol/champion-mastery/v4/champion-masteries/by-summoner/MBgPwsvLYWkTJQDhAPgSWGdVcSRa6YM8-NgwQJXtm83o16M?api_key=RGAPI-53007931-56bc-4b3d-aa4b-3e2044777039 HTTP/1.1" 200 None
2019-05-27 18:51:50,203 | get_request-38 | 200 successful request
2019-05-27 18:51:50,203 | get_request-38 | 200 successful request
2019-05-27 18:51:50,204 | _new_conn-813 | Starting new HTTPS connection (1): euw1.api.riotgames.com:443
2019-05-27 18:51:50,327 | _make_request-393 | https://euw1.api.riotgames.com:443 "GET /lol/champion-mastery/v4/champion-masteries/by-summoner/MBgPwsvLYWkTJQDhAPgSWGdVcSRa6YM8-NgwQJXtm83o16M?api_key=RGAPI-53007931-56bc-4b3d-aa4b-3e2044777039 HTTP/1.1" 200 None
2019-05-27 18:51:50,328 | get_request-38 | 200 successful request
2019-05-27 18:51:50,328 | get_request-38 | 200 successful request
2019-05-27 18:51:50,330 | _new_conn-813 | Starting new HTTPS connection (1): euw1.api.riotgames.com:443
2019-05-27 18:51:50,452 | _make_request-393 | https://euw1.api.riotgames.com:443 "GET /lol/champion-mastery/v4/champion-masteries/by-summoner/MBgPwsvLYWkTJQDhAPgSWGdVcSRa6YM8-NgwQJXtm83o16M?api_key=RGAPI-53007931-56bc-4b3d-aa4b-3e2044777039 HTTP/1.1" 200 None
2019-05-27 18:51:50,454 | get_request-38 | 200 successful request
2019-05-27 18:51:50,454 | get_request-38 | 200 successful request
2019-05-27 18:51:50,455 | _new_conn-813 | Starting new HTTPS connection (1): euw1.api.riotgames.com:443
2019-05-27 18:51:50,579 | _make_request-393 | https://euw1.api.riotgames.com:443 "GET /lol/champion-mastery/v4/champion-masteries/by-summoner/MBgPwsvLYWkTJQDhAPgSWGdVcSRa6YM8-NgwQJXtm83o16M?api_key=RGAPI-53007931-56bc-4b3d-aa4b-3e2044777039 HTTP/1.1" 200 None
2019-05-27 18:51:50,581 | get_request-38 | 200 successful request
2019-05-27 18:51:50,581 | get_request-38 | 200 successful request
2019-05-27 19:17:00,345 | _new_conn-813 | Starting new HTTPS connection (1): euw1.api.riotgames.com:443
2019-05-27 19:17:00,617 | _make_request-393 | https://euw1.api.riotgames.com:443 "GET /lol/summoner/v4/summoners/by-name/nandao?api_key=RGAPI-53007931-56bc-4b3d-aa4b-3e2044777039 HTTP/1.1" 200 None
2019-05-27 19:17:00,619 | get_request-38 | 200 successful request
2019-05-27 19:17:00,619 | get_request-38 | 200 successful request
2019-05-27 19:17:00,621 | _new_conn-813 | Starting new HTTPS connection (1): euw1.api.riotgames.com:443
2019-05-27 19:17:00,771 | _make_request-393 | https://euw1.api.riotgames.com:443 "GET /lol/spectator/v4/active-games/by-summoner/-dI_rL0V-J9ZivxUXdftLiZJfJvYWt6w6NElBk7rzwX7mwM?api_key=RGAPI-53007931-56bc-4b3d-aa4b-3e2044777039 HTTP/1.1" 404 71
2019-05-27 19:17:02,774 | _new_conn-813 | Starting new HTTPS connection (1): euw1.api.riotgames.com:443
2019-05-27 19:17:02,984 | _make_request-393 | https://euw1.api.riotgames.com:443 "GET /lol/spectator/v4/active-games/by-summoner/-dI_rL0V-J9ZivxUXdftLiZJfJvYWt6w6NElBk7rzwX7mwM?api_key=RGAPI-53007931-56bc-4b3d-aa4b-3e2044777039 HTTP/1.1" 404 71
2019-05-27 19:17:02,986 | get_request-23 | 404 invalid request
2019-05-27 19:17:02,986 | get_request-23 | 404 invalid request
2019-05-27 19:17:27,004 | _new_conn-813 | Starting new HTTPS connection (1): euw1.api.riotgames.com:443
2019-05-27 19:17:27,147 | _make_request-393 | https://euw1.api.riotgames.com:443 "GET /lol/summoner/v4/summoners/by-name/djurve?api_key=RGAPI-53007931-56bc-4b3d-aa4b-3e2044777039 HTTP/1.1" 200 None
2019-05-27 19:17:27,149 | get_request-38 | 200 successful request
2019-05-27 19:17:27,149 | get_request-38 | 200 successful request
2019-05-27 19:17:27,150 | _new_conn-813 | Starting new HTTPS connection (1): euw1.api.riotgames.com:443
2019-05-27 19:17:27,279 | _make_request-393 | https://euw1.api.riotgames.com:443 "GET /lol/spectator/v4/active-games/by-summoner/eRMVBLS-Vml-eMa4srnNEptHdGATe424uHsOwvaswmLSDQI?api_key=RGAPI-53007931-56bc-4b3d-aa4b-3e2044777039 HTTP/1.1" 200 None
2019-05-27 19:17:27,281 | get_request-38 | 200 successful request
2019-05-27 19:17:27,281 | get_request-38 | 200 successful request
2019-05-27 19:17:27,282 | _new_conn-813 | Starting new HTTPS connection (1): euw1.api.riotgames.com:443
2019-05-27 19:17:27,594 | _make_request-393 | https://euw1.api.riotgames.com:443 "GET /lol/match/v4/matches/4044295723?api_key=RGAPI-53007931-56bc-4b3d-aa4b-3e2044777039 HTTP/1.1" 404 71
2019-05-27 19:17:29,597 | _new_conn-813 | Starting new HTTPS connection (1): euw1.api.riotgames.com:443
2019-05-27 19:17:29,866 | _make_request-393 | https://euw1.api.riotgames.com:443 "GET /lol/match/v4/matches/4044295723?api_key=RGAPI-53007931-56bc-4b3d-aa4b-3e2044777039 HTTP/1.1" 404 71
2019-05-27 19:17:29,868 | get_request-23 | 404 invalid request
2019-05-27 19:17:29,868 | get_request-23 | 404 invalid request
2019-05-27 19:17:29,870 | _new_conn-813 | Starting new HTTPS connection (1): euw1.api.riotgames.com:443
2019-05-27 19:17:29,997 | _make_request-393 | https://euw1.api.riotgames.com:443 "GET /lol/league/v4/entries/by-summoner/eRMVBLS-Vml-eMa4srnNEptHdGATe424uHsOwvaswmLSDQI?api_key=RGAPI-53007931-56bc-4b3d-aa4b-3e2044777039 HTTP/1.1" 200 251
2019-05-27 19:17:29,998 | get_request-38 | 200 successful request
2019-05-27 19:17:29,998 | get_request-38 | 200 successful request
2019-05-27 19:17:30,199 | _new_conn-813 | Starting new HTTPS connection (1): euw1.api.riotgames.com:443
2019-05-27 19:17:30,378 | _make_request-393 | https://euw1.api.riotgames.com:443 "GET /lol/league/v4/entries/by-summoner/NJyLMeblqdzYo5xNCKSRJud2ZZuNKRydnK3WXlg45qVWSPM?api_key=RGAPI-53007931-56bc-4b3d-aa4b-3e2044777039 HTTP/1.1" 200 325
2019-05-27 19:17:30,379 | get_request-38 | 200 successful request
2019-05-27 19:17:30,379 | get_request-38 | 200 successful request
2019-05-27 19:17:30,581 | _new_conn-813 | Starting new HTTPS connection (1): euw1.api.riotgames.com:443
2019-05-27 19:17:30,701 | _make_request-393 | https://euw1.api.riotgames.com:443 "GET /lol/league/v4/entries/by-summoner/SSD88HpWJrtZUbnI69dABqUNoPMh0nmJxjOEVmJLwiPCXtw?api_key=RGAPI-53007931-56bc-4b3d-aa4b-3e2044777039 HTTP/1.1" 200 399
2019-05-27 19:17:30,704 | get_request-38 | 200 successful request
2019-05-27 19:17:30,704 | get_request-38 | 200 successful request
2019-05-27 19:17:30,906 | _new_conn-813 | Starting new HTTPS connection (1): euw1.api.riotgames.com:443
2019-05-27 19:17:31,022 | _make_request-393 | https://euw1.api.riotgames.com:443 "GET /lol/league/v4/entries/by-summoner/CLts2ytwLb4bZ7zsSn3UE0R92R5ZSquUHAueWBZT-5CAhow?api_key=RGAPI-53007931-56bc-4b3d-aa4b-3e2044777039 HTTP/1.1" 200 259
2019-05-27 19:17:31,024 | get_request-38 | 200 successful request
2019-05-27 19:17:31,024 | get_request-38 | 200 successful request
2019-05-27 19:17:31,225 | _new_conn-813 | Starting new HTTPS connection (1): euw1.api.riotgames.com:443
2019-05-27 19:17:31,347 | _make_request-393 | https://euw1.api.riotgames.com:443 "GET /lol/league/v4/entries/by-summoner/Win0M1XEsCG5MHInMZUVx_MZ4MLlbaDrvAqmduh-Q0p2Q0U?api_key=RGAPI-53007931-56bc-4b3d-aa4b-3e2044777039 HTTP/1.1" 200 None
2019-05-27 19:17:31,349 | get_request-38 | 200 successful request
2019-05-27 19:17:31,349 | get_request-38 | 200 successful request
2019-05-27 19:17:31,550 | _new_conn-813 | Starting new HTTPS connection (1): euw1.api.riotgames.com:443
2019-05-27 19:17:31,674 | _make_request-393 | https://euw1.api.riotgames.com:443 "GET /lol/league/v4/entries/by-summoner/F7uLG01Vne-4B095Jdu7BgtD5WrwBltLPL2HCk57ehfzmwg?api_key=RGAPI-53007931-56bc-4b3d-aa4b-3e2044777039 HTTP/1.1" 200 None
2019-05-27 19:17:31,677 | get_request-38 | 200 successful request
2019-05-27 19:17:31,677 | get_request-38 | 200 successful request
2019-05-27 19:17:31,878 | _new_conn-813 | Starting new HTTPS connection (1): euw1.api.riotgames.com:443
2019-05-27 19:17:31,999 | _make_request-393 | https://euw1.api.riotgames.com:443 "GET /lol/league/v4/entries/by-summoner/O0c-VHk9RRXFc2SnNN6fPihHWsA40jgAVx37IySMSLBdnrU?api_key=RGAPI-53007931-56bc-4b3d-aa4b-3e2044777039 HTTP/1.1" 200 None
2019-05-27 19:17:32,000 | get_request-38 | 200 successful request
2019-05-27 19:17:32,000 | get_request-38 | 200 successful request
2019-05-27 19:17:32,203 | _new_conn-813 | Starting new HTTPS connection (1): euw1.api.riotgames.com:443
2019-05-27 19:17:32,439 | _make_request-393 | https://euw1.api.riotgames.com:443 "GET /lol/league/v4/entries/by-summoner/zMFJeptqwALMk0xsBW7Xj5HIBVrp45tMsu8Quqxxadv64oc?api_key=RGAPI-53007931-56bc-4b3d-aa4b-3e2044777039 HTTP/1.1" 200 315
2019-05-27 19:17:32,441 | get_request-38 | 200 successful request
2019-05-27 19:17:32,441 | get_request-38 | 200 successful request
2019-05-27 19:17:32,642 | _new_conn-813 | Starting new HTTPS connection (1): euw1.api.riotgames.com:443
2019-05-27 19:17:32,763 | _make_request-393 | https://euw1.api.riotgames.com:443 "GET /lol/league/v4/entries/by-summoner/P_iSv9-goL4m-IgXIk2WIlP65XtlRIiuCilPqQqqnLosPeE?api_key=RGAPI-53007931-56bc-4b3d-aa4b-3e2044777039 HTTP/1.1" 200 316
2019-05-27 19:17:32,765 | get_request-38 | 200 successful request
2019-05-27 19:17:32,765 | get_request-38 | 200 successful request
2019-05-27 19:17:32,966 | _new_conn-813 | Starting new HTTPS connection (1): euw1.api.riotgames.com:443
2019-05-27 19:17:33,089 | _make_request-393 | https://euw1.api.riotgames.com:443 "GET /lol/league/v4/entries/by-summoner/xJOodHqZjxFb5F0qc1EBt28S3Nx9c2AGiCPgNhGqGbPOkQg?api_key=RGAPI-53007931-56bc-4b3d-aa4b-3e2044777039 HTTP/1.1" 200 358
2019-05-27 19:17:33,091 | get_request-38 | 200 successful request
2019-05-27 19:17:33,091 | get_request-38 | 200 successful request
2019-05-27 19:17:33,793 | _new_conn-813 | Starting new HTTPS connection (1): euw1.api.riotgames.com:443
2019-05-27 19:17:33,936 | _make_request-393 | https://euw1.api.riotgames.com:443 "GET /lol/champion-mastery/v4/champion-masteries/by-summoner/eRMVBLS-Vml-eMa4srnNEptHdGATe424uHsOwvaswmLSDQI?api_key=RGAPI-53007931-56bc-4b3d-aa4b-3e2044777039 HTTP/1.1" 200 None
2019-05-27 19:17:33,937 | get_request-38 | 200 successful request
2019-05-27 19:17:33,937 | get_request-38 | 200 successful request
2019-05-27 19:17:33,939 | _new_conn-813 | Starting new HTTPS connection (1): euw1.api.riotgames.com:443
2019-05-27 19:17:34,061 | _make_request-393 | https://euw1.api.riotgames.com:443 "GET /lol/champion-mastery/v4/champion-masteries/by-summoner/eRMVBLS-Vml-eMa4srnNEptHdGATe424uHsOwvaswmLSDQI?api_key=RGAPI-53007931-56bc-4b3d-aa4b-3e2044777039 HTTP/1.1" 200 None
2019-05-27 19:17:34,063 | get_request-38 | 200 successful request
2019-05-27 19:17:34,063 | get_request-38 | 200 successful request
2019-05-27 19:17:34,065 | _new_conn-813 | Starting new HTTPS connection (1): euw1.api.riotgames.com:443
2019-05-27 19:17:34,278 | _make_request-393 | https://euw1.api.riotgames.com:443 "GET /lol/champion-mastery/v4/champion-masteries/by-summoner/eRMVBLS-Vml-eMa4srnNEptHdGATe424uHsOwvaswmLSDQI?api_key=RGAPI-53007931-56bc-4b3d-aa4b-3e2044777039 HTTP/1.1" 200 None
2019-05-27 19:17:34,280 | get_request-38 | 200 successful request
2019-05-27 19:17:34,280 | get_request-38 | 200 successful request
2019-05-27 19:17:34,281 | _new_conn-813 | Starting new HTTPS connection (1): euw1.api.riotgames.com:443
2019-05-27 19:17:34,530 | _make_request-393 | https://euw1.api.riotgames.com:443 "GET /lol/champion-mastery/v4/champion-masteries/by-summoner/eRMVBLS-Vml-eMa4srnNEptHdGATe424uHsOwvaswmLSDQI?api_key=RGAPI-53007931-56bc-4b3d-aa4b-3e2044777039 HTTP/1.1" 200 None
2019-05-27 19:17:34,532 | get_request-38 | 200 successful request
2019-05-27 19:17:34,532 | get_request-38 | 200 successful request
2019-05-27 19:17:34,534 | _new_conn-813 | Starting new HTTPS connection (1): euw1.api.riotgames.com:443
2019-05-27 19:17:34,687 | _make_request-393 | https://euw1.api.riotgames.com:443 "GET /lol/champion-mastery/v4/champion-masteries/by-summoner/eRMVBLS-Vml-eMa4srnNEptHdGATe424uHsOwvaswmLSDQI?api_key=RGAPI-53007931-56bc-4b3d-aa4b-3e2044777039 HTTP/1.1" 200 None
2019-05-27 19:17:34,690 | get_request-38 | 200 successful request
2019-05-27 19:17:34,690 | get_request-38 | 200 successful request
2019-05-27 19:17:34,692 | _new_conn-813 | Starting new HTTPS connection (1): euw1.api.riotgames.com:443
2019-05-27 19:17:34,809 | _make_request-393 | https://euw1.api.riotgames.com:443 "GET /lol/champion-mastery/v4/champion-masteries/by-summoner/eRMVBLS-Vml-eMa4srnNEptHdGATe424uHsOwvaswmLSDQI?api_key=RGAPI-53007931-56bc-4b3d-aa4b-3e2044777039 HTTP/1.1" 200 None
2019-05-27 19:17:34,810 | get_request-38 | 200 successful request
2019-05-27 19:17:34,810 | get_request-38 | 200 successful request
2019-05-27 19:17:34,812 | _new_conn-813 | Starting new HTTPS connection (1): euw1.api.riotgames.com:443
2019-05-27 19:17:34,932 | _make_request-393 | https://euw1.api.riotgames.com:443 "GET /lol/champion-mastery/v4/champion-masteries/by-summoner/eRMVBLS-Vml-eMa4srnNEptHdGATe424uHsOwvaswmLSDQI?api_key=RGAPI-53007931-56bc-4b3d-aa4b-3e2044777039 HTTP/1.1" 200 None
2019-05-27 19:17:34,934 | get_request-38 | 200 successful request
2019-05-27 19:17:34,934 | get_request-38 | 200 successful request
2019-05-27 19:17:34,935 | _new_conn-813 | Starting new HTTPS connection (1): euw1.api.riotgames.com:443
2019-05-27 19:17:35,059 | _make_request-393 | https://euw1.api.riotgames.com:443 "GET /lol/champion-mastery/v4/champion-masteries/by-summoner/eRMVBLS-Vml-eMa4srnNEptHdGATe424uHsOwvaswmLSDQI?api_key=RGAPI-53007931-56bc-4b3d-aa4b-3e2044777039 HTTP/1.1" 200 None
2019-05-27 19:17:35,061 | get_request-38 | 200 successful request
2019-05-27 19:17:35,061 | get_request-38 | 200 successful request
2019-05-27 19:17:35,062 | _new_conn-813 | Starting new HTTPS connection (1): euw1.api.riotgames.com:443
2019-05-27 19:17:35,184 | _make_request-393 | https://euw1.api.riotgames.com:443 "GET /lol/champion-mastery/v4/champion-masteries/by-summoner/eRMVBLS-Vml-eMa4srnNEptHdGATe424uHsOwvaswmLSDQI?api_key=RGAPI-53007931-56bc-4b3d-aa4b-3e2044777039 HTTP/1.1" 200 None
2019-05-27 19:17:35,185 | get_request-38 | 200 successful request
2019-05-27 19:17:35,185 | get_request-38 | 200 successful request
2019-05-27 19:17:35,187 | _new_conn-813 | Starting new HTTPS connection (1): euw1.api.riotgames.com:443
2019-05-27 19:17:35,308 | _make_request-393 | https://euw1.api.riotgames.com:443 "GET /lol/champion-mastery/v4/champion-masteries/by-summoner/eRMVBLS-Vml-eMa4srnNEptHdGATe424uHsOwvaswmLSDQI?api_key=RGAPI-53007931-56bc-4b3d-aa4b-3e2044777039 HTTP/1.1" 200 None
2019-05-27 19:17:35,310 | get_request-38 | 200 successful request
2019-05-27 19:17:35,310 | get_request-38 | 200 successful request
2019-05-27 19:17:55,245 | _new_conn-813 | Starting new HTTPS connection (1): euw1.api.riotgames.com:443
2019-05-27 19:17:55,372 | _make_request-393 | https://euw1.api.riotgames.com:443 "GET /lol/summoner/v4/summoners/by-name/djurve?api_key=RGAPI-53007931-56bc-4b3d-aa4b-3e2044777039 HTTP/1.1" 200 264
2019-05-27 19:17:55,373 | get_request-38 | 200 successful request
2019-05-27 19:17:55,373 | get_request-38 | 200 successful request
2019-05-27 19:17:55,375 | _new_conn-813 | Starting new HTTPS connection (1): euw1.api.riotgames.com:443
2019-05-27 19:17:55,503 | _make_request-393 | https://euw1.api.riotgames.com:443 "GET /lol/spectator/v4/active-games/by-summoner/eRMVBLS-Vml-eMa4srnNEptHdGATe424uHsOwvaswmLSDQI?api_key=RGAPI-53007931-56bc-4b3d-aa4b-3e2044777039 HTTP/1.1" 200 None
2019-05-27 19:17:55,505 | get_request-38 | 200 successful request
2019-05-27 19:17:55,505 | get_request-38 | 200 successful request
2019-05-27 19:17:55,507 | _new_conn-813 | Starting new HTTPS connection (1): euw1.api.riotgames.com:443
2019-05-27 19:17:55,776 | _make_request-393 | https://euw1.api.riotgames.com:443 "GET /lol/match/v4/matches/4044295723?api_key=RGAPI-53007931-56bc-4b3d-aa4b-3e2044777039 HTTP/1.1" 404 71
2019-05-27 19:17:57,780 | _new_conn-813 | Starting new HTTPS connection (1): euw1.api.riotgames.com:443
2019-05-27 19:17:58,152 | _make_request-393 | https://euw1.api.riotgames.com:443 "GET /lol/match/v4/matches/4044295723?api_key=RGAPI-53007931-56bc-4b3d-aa4b-3e2044777039 HTTP/1.1" 404 71
2019-05-27 19:17:58,154 | get_request-23 | 404 invalid request
2019-05-27 19:17:58,154 | get_request-23 | 404 invalid request
2019-05-27 19:17:58,155 | _new_conn-813 | Starting new HTTPS connection (1): euw1.api.riotgames.com:443
2019-05-27 19:17:58,279 | _make_request-393 | https://euw1.api.riotgames.com:443 "GET /lol/league/v4/entries/by-summoner/eRMVBLS-Vml-eMa4srnNEptHdGATe424uHsOwvaswmLSDQI?api_key=RGAPI-53007931-56bc-4b3d-aa4b-3e2044777039 HTTP/1.1" 200 251
2019-05-27 19:17:58,281 | get_request-38 | 200 successful request
2019-05-27 19:17:58,281 | get_request-38 | 200 successful request
2019-05-27 19:17:58,482 | _new_conn-813 | Starting new HTTPS connection (1): euw1.api.riotgames.com:443
2019-05-27 19:17:58,607 | _make_request-393 | https://euw1.api.riotgames.com:443 "GET /lol/league/v4/entries/by-summoner/NJyLMeblqdzYo5xNCKSRJud2ZZuNKRydnK3WXlg45qVWSPM?api_key=RGAPI-53007931-56bc-4b3d-aa4b-3e2044777039 HTTP/1.1" 200 None
2019-05-27 19:17:58,609 | get_request-38 | 200 successful request
2019-05-27 19:17:58,609 | get_request-38 | 200 successful request
2019-05-27 19:17:58,810 | _new_conn-813 | Starting new HTTPS connection (1): euw1.api.riotgames.com:443
2019-05-27 19:17:58,939 | _make_request-393 | https://euw1.api.riotgames.com:443 "GET /lol/league/v4/entries/by-summoner/SSD88HpWJrtZUbnI69dABqUNoPMh0nmJxjOEVmJLwiPCXtw?api_key=RGAPI-53007931-56bc-4b3d-aa4b-3e2044777039 HTTP/1.1" 200 399
2019-05-27 19:17:58,941 | get_request-38 | 200 successful request
2019-05-27 19:17:58,941 | get_request-38 | 200 successful request
2019-05-27 19:17:59,142 | _new_conn-813 | Starting new HTTPS connection (1): euw1.api.riotgames.com:443
2019-05-27 19:17:59,260 | _make_request-393 | https://euw1.api.riotgames.com:443 "GET /lol/league/v4/entries/by-summoner/CLts2ytwLb4bZ7zsSn3UE0R92R5ZSquUHAueWBZT-5CAhow?api_key=RGAPI-53007931-56bc-4b3d-aa4b-3e2044777039 HTTP/1.1" 200 259
2019-05-27 19:17:59,262 | get_request-38 | 200 successful request
2019-05-27 19:17:59,262 | get_request-38 | 200 successful request
2019-05-27 19:17:59,463 | _new_conn-813 | Starting new HTTPS connection (1): euw1.api.riotgames.com:443
2019-05-27 19:17:59,582 | _make_request-393 | https://euw1.api.riotgames.com:443 "GET /lol/league/v4/entries/by-summoner/Win0M1XEsCG5MHInMZUVx_MZ4MLlbaDrvAqmduh-Q0p2Q0U?api_key=RGAPI-53007931-56bc-4b3d-aa4b-3e2044777039 HTTP/1.1" 200 268
2019-05-27 19:17:59,585 | get_request-38 | 200 successful request
2019-05-27 19:17:59,585 | get_request-38 | 200 successful request
2019-05-27 19:17:59,786 | _new_conn-813 | Starting new HTTPS connection (1): euw1.api.riotgames.com:443
2019-05-27 19:18:00,014 | _make_request-393 | https://euw1.api.riotgames.com:443 "GET /lol/league/v4/entries/by-summoner/F7uLG01Vne-4B095Jdu7BgtD5WrwBltLPL2HCk57ehfzmwg?api_key=RGAPI-53007931-56bc-4b3d-aa4b-3e2044777039 HTTP/1.1" 200 None
2019-05-27 19:18:00,016 | get_request-38 | 200 successful request
2019-05-27 19:18:00,016 | get_request-38 | 200 successful request
2019-05-27 19:18:00,217 | _new_conn-813 | Starting new HTTPS connection (1): euw1.api.riotgames.com:443
2019-05-27 19:18:00,392 | _make_request-393 | https://euw1.api.riotgames.com:443 "GET /lol/league/v4/entries/by-summoner/O0c-VHk9RRXFc2SnNN6fPihHWsA40jgAVx37IySMSLBdnrU?api_key=RGAPI-53007931-56bc-4b3d-aa4b-3e2044777039 HTTP/1.1" 200 294
2019-05-27 19:18:00,394 | get_request-38 | 200 successful request
2019-05-27 19:18:00,394 | get_request-38 | 200 successful request
2019-05-27 19:18:00,595 | _new_conn-813 | Starting new HTTPS connection (1): euw1.api.riotgames.com:443
2019-05-27 19:18:00,715 | _make_request-393 | https://euw1.api.riotgames.com:443 "GET /lol/league/v4/entries/by-summoner/zMFJeptqwALMk0xsBW7Xj5HIBVrp45tMsu8Quqxxadv64oc?api_key=RGAPI-53007931-56bc-4b3d-aa4b-3e2044777039 HTTP/1.1" 200 315
2019-05-27 19:18:00,716 | get_request-38 | 200 successful request
2019-05-27 19:18:00,716 | get_request-38 | 200 successful request
2019-05-27 19:18:00,918 | _new_conn-813 | Starting new HTTPS connection (1): euw1.api.riotgames.com:443
2019-05-27 19:18:01,041 | _make_request-393 | https://euw1.api.riotgames.com:443 "GET /lol/league/v4/entries/by-summoner/P_iSv9-goL4m-IgXIk2WIlP65XtlRIiuCilPqQqqnLosPeE?api_key=RGAPI-53007931-56bc-4b3d-aa4b-3e2044777039 HTTP/1.1" 200 None
2019-05-27 19:18:01,043 | get_request-38 | 200 successful request
2019-05-27 19:18:01,043 | get_request-38 | 200 successful request
2019-05-27 19:18:01,244 | _new_conn-813 | Starting new HTTPS connection (1): euw1.api.riotgames.com:443
2019-05-27 19:18:01,367 | _make_request-393 | https://euw1.api.riotgames.com:443 "GET /lol/league/v4/entries/by-summoner/xJOodHqZjxFb5F0qc1EBt28S3Nx9c2AGiCPgNhGqGbPOkQg?api_key=RGAPI-53007931-56bc-4b3d-aa4b-3e2044777039 HTTP/1.1" 200 358
2019-05-27 19:18:01,371 | get_request-38 | 200 successful request
2019-05-27 19:18:01,371 | get_request-38 | 200 successful request
2019-05-27 19:18:02,073 | _new_conn-813 | Starting new HTTPS connection (1): euw1.api.riotgames.com:443
2019-05-27 19:18:02,216 | _make_request-393 | https://euw1.api.riotgames.com:443 "GET /lol/champion-mastery/v4/champion-masteries/by-summoner/eRMVBLS-Vml-eMa4srnNEptHdGATe424uHsOwvaswmLSDQI?api_key=RGAPI-53007931-56bc-4b3d-aa4b-3e2044777039 HTTP/1.1" 200 None
2019-05-27 19:18:02,218 | get_request-38 | 200 successful request
2019-05-27 19:18:02,218 | get_request-38 | 200 successful request
2019-05-27 19:18:02,219 | _new_conn-813 | Starting new HTTPS connection (1): euw1.api.riotgames.com:443
2019-05-27 19:18:02,392 | _make_request-393 | https://euw1.api.riotgames.com:443 "GET /lol/champion-mastery/v4/champion-masteries/by-summoner/eRMVBLS-Vml-eMa4srnNEptHdGATe424uHsOwvaswmLSDQI?api_key=RGAPI-53007931-56bc-4b3d-aa4b-3e2044777039 HTTP/1.1" 200 1738
2019-05-27 19:18:02,394 | get_request-38 | 200 successful request
2019-05-27 19:18:02,394 | get_request-38 | 200 successful request
2019-05-27 19:18:02,396 | _new_conn-813 | Starting new HTTPS connection (1): euw1.api.riotgames.com:443
2019-05-27 19:18:02,516 | _make_request-393 | https://euw1.api.riotgames.com:443 "GET /lol/champion-mastery/v4/champion-masteries/by-summoner/eRMVBLS-Vml-eMa4srnNEptHdGATe424uHsOwvaswmLSDQI?api_key=RGAPI-53007931-56bc-4b3d-aa4b-3e2044777039 HTTP/1.1" 200 None
2019-05-27 19:18:02,518 | get_request-38 | 200 successful request
2019-05-27 19:18:02,518 | get_request-38 | 200 successful request
2019-05-27 19:18:02,519 | _new_conn-813 | Starting new HTTPS connection (1): euw1.api.riotgames.com:443
2019-05-27 19:18:02,645 | _make_request-393 | https://euw1.api.riotgames.com:443 "GET /lol/champion-mastery/v4/champion-masteries/by-summoner/eRMVBLS-Vml-eMa4srnNEptHdGATe424uHsOwvaswmLSDQI?api_key=RGAPI-53007931-56bc-4b3d-aa4b-3e2044777039 HTTP/1.1" 200 1738
2019-05-27 19:18:02,646 | get_request-38 | 200 successful request
2019-05-27 19:18:02,646 | get_request-38 | 200 successful request
2019-05-27 19:18:02,648 | _new_conn-813 | Starting new HTTPS connection (1): euw1.api.riotgames.com:443
2019-05-27 19:18:02,769 | _make_request-393 | https://euw1.api.riotgames.com:443 "GET /lol/champion-mastery/v4/champion-masteries/by-summoner/eRMVBLS-Vml-eMa4srnNEptHdGATe424uHsOwvaswmLSDQI?api_key=RGAPI-53007931-56bc-4b3d-aa4b-3e2044777039 HTTP/1.1" 200 None
2019-05-27 19:18:02,770 | get_request-38 | 200 successful request
2019-05-27 19:18:02,770 | get_request-38 | 200 successful request
2019-05-27 19:18:02,773 | _new_conn-813 | Starting new HTTPS connection (1): euw1.api.riotgames.com:443
2019-05-27 19:18:02,892 | _make_request-393 | https://euw1.api.riotgames.com:443 "GET /lol/champion-mastery/v4/champion-masteries/by-summoner/eRMVBLS-Vml-eMa4srnNEptHdGATe424uHsOwvaswmLSDQI?api_key=RGAPI-53007931-56bc-4b3d-aa4b-3e2044777039 HTTP/1.1" 200 None
2019-05-27 19:18:02,893 | get_request-38 | 200 successful request
2019-05-27 19:18:02,893 | get_request-38 | 200 successful request
2019-05-27 19:18:02,895 | _new_conn-813 | Starting new HTTPS connection (1): euw1.api.riotgames.com:443
2019-05-27 19:18:03,010 | _make_request-393 | https://euw1.api.riotgames.com:443 "GET /lol/champion-mastery/v4/champion-masteries/by-summoner/eRMVBLS-Vml-eMa4srnNEptHdGATe424uHsOwvaswmLSDQI?api_key=RGAPI-53007931-56bc-4b3d-aa4b-3e2044777039 HTTP/1.1" 200 None
2019-05-27 19:18:03,012 | get_request-38 | 200 successful request
2019-05-27 19:18:03,012 | get_request-38 | 200 successful request
2019-05-27 19:18:03,014 | _new_conn-813 | Starting new HTTPS connection (1): euw1.api.riotgames.com:443
2019-05-27 19:18:03,134 | _make_request-393 | https://euw1.api.riotgames.com:443 "GET /lol/champion-mastery/v4/champion-masteries/by-summoner/eRMVBLS-Vml-eMa4srnNEptHdGATe424uHsOwvaswmLSDQI?api_key=RGAPI-53007931-56bc-4b3d-aa4b-3e2044777039 HTTP/1.1" 200 None
2019-05-27 19:18:03,136 | get_request-38 | 200 successful request
2019-05-27 19:18:03,136 | get_request-38 | 200 successful request
2019-05-27 19:18:03,137 | _new_conn-813 | Starting new HTTPS connection (1): euw1.api.riotgames.com:443
2019-05-27 19:18:03,262 | _make_request-393 | https://euw1.api.riotgames.com:443 "GET /lol/champion-mastery/v4/champion-masteries/by-summoner/eRMVBLS-Vml-eMa4srnNEptHdGATe424uHsOwvaswmLSDQI?api_key=RGAPI-53007931-56bc-4b3d-aa4b-3e2044777039 HTTP/1.1" 200 None
2019-05-27 19:18:03,263 | get_request-38 | 200 successful request
2019-05-27 19:18:03,263 | get_request-38 | 200 successful request
2019-05-27 19:18:03,265 | _new_conn-813 | Starting new HTTPS connection (1): euw1.api.riotgames.com:443
2019-05-27 19:18:03,384 | _make_request-393 | https://euw1.api.riotgames.com:443 "GET /lol/champion-mastery/v4/champion-masteries/by-summoner/eRMVBLS-Vml-eMa4srnNEptHdGATe424uHsOwvaswmLSDQI?api_key=RGAPI-53007931-56bc-4b3d-aa4b-3e2044777039 HTTP/1.1" 200 1738
2019-05-27 19:18:03,386 | get_request-38 | 200 successful request
2019-05-27 19:18:03,386 | get_request-38 | 200 successful request
2019-05-27 19:27:14,330 | _new_conn-813 | Starting new HTTPS connection (1): euw1.api.riotgames.com:443
2019-05-27 19:27:14,535 | _make_request-393 | https://euw1.api.riotgames.com:443 "GET /lol/summoner/v4/summoners/by-name/dsg%20viggo?api_key=RGAPI-53007931-56bc-4b3d-aa4b-3e2044777039 HTTP/1.1" 200 271
2019-05-27 19:27:14,538 | get_request-38 | 200 successful request
2019-05-27 19:27:14,538 | get_request-38 | 200 successful request
2019-05-27 19:27:14,539 | _new_conn-813 | Starting new HTTPS connection (1): euw1.api.riotgames.com:443
2019-05-27 19:27:14,678 | _make_request-393 | https://euw1.api.riotgames.com:443 "GET /lol/spectator/v4/active-games/by-summoner/_surRSFsUJ32libWrDAUItgV8djZGjYROvWLem4swTCT3LU?api_key=RGAPI-53007931-56bc-4b3d-aa4b-3e2044777039 HTTP/1.1" 200 None
2019-05-27 19:27:14,680 | get_request-38 | 200 successful request
2019-05-27 19:27:14,680 | get_request-38 | 200 successful request
2019-05-27 19:27:14,681 | _new_conn-813 | Starting new HTTPS connection (1): euw1.api.riotgames.com:443
2019-05-27 19:27:14,941 | _make_request-393 | https://euw1.api.riotgames.com:443 "GET /lol/match/v4/matches/4044287031?api_key=RGAPI-53007931-56bc-4b3d-aa4b-3e2044777039 HTTP/1.1" 404 None
2019-05-27 19:27:16,944 | _new_conn-813 | Starting new HTTPS connection (1): euw1.api.riotgames.com:443
2019-05-27 19:27:17,310 | _make_request-393 | https://euw1.api.riotgames.com:443 "GET /lol/match/v4/matches/4044287031?api_key=RGAPI-53007931-56bc-4b3d-aa4b-3e2044777039 HTTP/1.1" 404 71
2019-05-27 19:27:17,312 | get_request-23 | 404 invalid request
2019-05-27 19:27:17,312 | get_request-23 | 404 invalid request
2019-05-27 19:27:17,313 | _new_conn-813 | Starting new HTTPS connection (1): euw1.api.riotgames.com:443
2019-05-27 19:27:17,430 | _make_request-393 | https://euw1.api.riotgames.com:443 "GET /lol/league/v4/entries/by-summoner/3A9IDJhpIwTyMeOu7hczfJccZLorFhD14n7adkMgzlOfC5k?api_key=RGAPI-53007931-56bc-4b3d-aa4b-3e2044777039 HTTP/1.1" 200 None
2019-05-27 19:27:17,431 | get_request-38 | 200 successful request
2019-05-27 19:27:17,431 | get_request-38 | 200 successful request
2019-05-27 19:27:17,633 | _new_conn-813 | Starting new HTTPS connection (1): euw1.api.riotgames.com:443
2019-05-27 19:27:17,821 | _make_request-393 | https://euw1.api.riotgames.com:443 "GET /lol/league/v4/entries/by-summoner/_surRSFsUJ32libWrDAUItgV8djZGjYROvWLem4swTCT3LU?api_key=RGAPI-53007931-56bc-4b3d-aa4b-3e2044777039 HTTP/1.1" 200 None
2019-05-27 19:27:17,823 | get_request-38 | 200 successful request
2019-05-27 19:27:17,823 | get_request-38 | 200 successful request
2019-05-27 19:27:18,025 | _new_conn-813 | Starting new HTTPS connection (1): euw1.api.riotgames.com:443
2019-05-27 19:27:18,194 | _make_request-393 | https://euw1.api.riotgames.com:443 "GET /lol/league/v4/entries/by-summoner/clUtMSgIKZtOKCk2XxKchdcsQhSYQWiZ_85tEqZ498XQbQg?api_key=RGAPI-53007931-56bc-4b3d-aa4b-3e2044777039 HTTP/1.1" 200 None
2019-05-27 19:27:18,195 | get_request-38 | 200 successful request
2019-05-27 19:27:18,195 | get_request-38 | 200 successful request
2019-05-27 19:27:18,397 | _new_conn-813 | Starting new HTTPS connection (1): euw1.api.riotgames.com:443
2019-05-27 19:27:18,553 | _make_request-393 | https://euw1.api.riotgames.com:443 "GET /lol/league/v4/entries/by-summoner/7RhzUJOYBdDKSBk4zQj6Q_g5M77fBOils1seE0A1J1B7zi4?api_key=RGAPI-53007931-56bc-4b3d-aa4b-3e2044777039 HTTP/1.1" 200 None
2019-05-27 19:27:18,555 | get_request-38 | 200 successful request
2019-05-27 19:27:18,555 | get_request-38 | 200 successful request
2019-05-27 19:27:18,756 | _new_conn-813 | Starting new HTTPS connection (1): euw1.api.riotgames.com:443
2019-05-27 19:27:18,876 | _make_request-393 | https://euw1.api.riotgames.com:443 "GET /lol/league/v4/entries/by-summoner/dyq8mlfry6ZVJx5-cw6I2xLN6YNLx5U4Y8q5eGxvmeCOuZU?api_key=RGAPI-53007931-56bc-4b3d-aa4b-3e2044777039 HTTP/1.1" 200 None
2019-05-27 19:27:18,878 | get_request-38 | 200 successful request
2019-05-27 19:27:18,878 | get_request-38 | 200 successful request
2019-05-27 19:27:19,079 | _new_conn-813 | Starting new HTTPS connection (1): euw1.api.riotgames.com:443
2019-05-27 19:27:19,207 | _make_request-393 | https://euw1.api.riotgames.com:443 "GET /lol/league/v4/entries/by-summoner/wFuMjROGtIpGxuNLB93CDTd_51PW1Fh2_m3ffmGmVowAShk?api_key=RGAPI-53007931-56bc-4b3d-aa4b-3e2044777039 HTTP/1.1" 200 None
2019-05-27 19:27:19,209 | get_request-38 | 200 successful request
2019-05-27 19:27:19,209 | get_request-38 | 200 successful request
2019-05-27 19:27:19,410 | _new_conn-813 | Starting new HTTPS connection (1): euw1.api.riotgames.com:443
2019-05-27 19:27:19,527 | _make_request-393 | https://euw1.api.riotgames.com:443 "GET /lol/league/v4/entries/by-summoner/66FY7SELDF4LHxKQJd0VzRvbV6s269Oib9cICSAeeRxEBLc?api_key=RGAPI-53007931-56bc-4b3d-aa4b-3e2044777039 HTTP/1.1" 200 None
2019-05-27 19:27:19,529 | get_request-38 | 200 successful request
2019-05-27 19:27:19,529 | get_request-38 | 200 successful request
2019-05-27 19:27:19,731 | _new_conn-813 | Starting new HTTPS connection (1): euw1.api.riotgames.com:443
2019-05-27 19:27:19,934 | _make_request-393 | https://euw1.api.riotgames.com:443 "GET /lol/league/v4/entries/by-summoner/td_KMxI822vonl_sMSwKsWgwOA-Oz2PRz_MwrFsbCScQ9Q4?api_key=RGAPI-53007931-56bc-4b3d-aa4b-3e2044777039 HTTP/1.1" 200 None
2019-05-27 19:27:19,989 | get_request-38 | 200 successful request
2019-05-27 19:27:19,989 | get_request-38 | 200 successful request
2019-05-27 19:27:20,190 | _new_conn-813 | Starting new HTTPS connection (1): euw1.api.riotgames.com:443
2019-05-27 19:27:20,307 | _make_request-393 | https://euw1.api.riotgames.com:443 "GET /lol/league/v4/entries/by-summoner/bOX7wBdAW21Y3AEa9D30NBXPi0RIlpJRUnYbxhnxSaDHe1g?api_key=RGAPI-53007931-56bc-4b3d-aa4b-3e2044777039 HTTP/1.1" 200 None
2019-05-27 19:27:20,309 | get_request-38 | 200 successful request
2019-05-27 19:27:20,309 | get_request-38 | 200 successful request
2019-05-27 19:27:20,511 | _new_conn-813 | Starting new HTTPS connection (1): euw1.api.riotgames.com:443
2019-05-27 19:27:20,631 | _make_request-393 | https://euw1.api.riotgames.com:443 "GET /lol/league/v4/entries/by-summoner/-G9EGcZLR135MoRf3WG4HYrVewn3u2ebN2exttJ2Flfnncg?api_key=RGAPI-53007931-56bc-4b3d-aa4b-3e2044777039 HTTP/1.1" 200 267
2019-05-27 19:27:20,632 | get_request-38 | 200 successful request
2019-05-27 19:27:20,632 | get_request-38 | 200 successful request
2019-05-27 19:27:21,334 | _new_conn-813 | Starting new HTTPS connection (1): euw1.api.riotgames.com:443
2019-05-27 19:27:21,459 | _make_request-393 | https://euw1.api.riotgames.com:443 "GET /lol/champion-mastery/v4/champion-masteries/by-summoner/3A9IDJhpIwTyMeOu7hczfJccZLorFhD14n7adkMgzlOfC5k?api_key=RGAPI-53007931-56bc-4b3d-aa4b-3e2044777039 HTTP/1.1" 200 None
2019-05-27 19:27:21,461 | get_request-38 | 200 successful request
2019-05-27 19:27:21,461 | get_request-38 | 200 successful request
2019-05-27 19:27:21,463 | _new_conn-813 | Starting new HTTPS connection (1): euw1.api.riotgames.com:443
2019-05-27 19:27:21,591 | _make_request-393 | https://euw1.api.riotgames.com:443 "GET /lol/champion-mastery/v4/champion-masteries/by-summoner/3A9IDJhpIwTyMeOu7hczfJccZLorFhD14n7adkMgzlOfC5k?api_key=RGAPI-53007931-56bc-4b3d-aa4b-3e2044777039 HTTP/1.1" 200 3306
2019-05-27 19:27:21,593 | get_request-38 | 200 successful request
2019-05-27 19:27:21,593 | get_request-38 | 200 successful request
2019-05-27 19:27:21,595 | _new_conn-813 | Starting new HTTPS connection (1): euw1.api.riotgames.com:443
2019-05-27 19:27:21,721 | _make_request-393 | https://euw1.api.riotgames.com:443 "GET /lol/champion-mastery/v4/champion-masteries/by-summoner/3A9IDJhpIwTyMeOu7hczfJccZLorFhD14n7adkMgzlOfC5k?api_key=RGAPI-53007931-56bc-4b3d-aa4b-3e2044777039 HTTP/1.1" 200 None
2019-05-27 19:27:21,724 | get_request-38 | 200 successful request
2019-05-27 19:27:21,724 | get_request-38 | 200 successful request
2019-05-27 19:27:21,726 | _new_conn-813 | Starting new HTTPS connection (1): euw1.api.riotgames.com:443
2019-05-27 19:27:21,892 | _make_request-393 | https://euw1.api.riotgames.com:443 "GET /lol/champion-mastery/v4/champion-masteries/by-summoner/3A9IDJhpIwTyMeOu7hczfJccZLorFhD14n7adkMgzlOfC5k?api_key=RGAPI-53007931-56bc-4b3d-aa4b-3e2044777039 HTTP/1.1" 200 None
2019-05-27 19:27:21,895 | get_request-38 | 200 successful request
2019-05-27 19:27:21,895 | get_request-38 | 200 successful request
2019-05-27 19:27:21,897 | _new_conn-813 | Starting new HTTPS connection (1): euw1.api.riotgames.com:443
2019-05-27 19:27:22,123 | _make_request-393 | https://euw1.api.riotgames.com:443 "GET /lol/champion-mastery/v4/champion-masteries/by-summoner/3A9IDJhpIwTyMeOu7hczfJccZLorFhD14n7adkMgzlOfC5k?api_key=RGAPI-53007931-56bc-4b3d-aa4b-3e2044777039 HTTP/1.1" 200 None
2019-05-27 19:27:22,125 | get_request-38 | 200 successful request
2019-05-27 19:27:22,125 | get_request-38 | 200 successful request
2019-05-27 19:27:22,127 | _new_conn-813 | Starting new HTTPS connection (1): euw1.api.riotgames.com:443
2019-05-27 19:27:22,284 | _make_request-393 | https://euw1.api.riotgames.com:443 "GET /lol/champion-mastery/v4/champion-masteries/by-summoner/3A9IDJhpIwTyMeOu7hczfJccZLorFhD14n7adkMgzlOfC5k?api_key=RGAPI-53007931-56bc-4b3d-aa4b-3e2044777039 HTTP/1.1" 200 None
2019-05-27 19:27:22,286 | get_request-38 | 200 successful request
2019-05-27 19:27:22,286 | get_request-38 | 200 successful request
2019-05-27 19:27:22,287 | _new_conn-813 | Starting new HTTPS connection (1): euw1.api.riotgames.com:443
2019-05-27 19:27:22,417 | _make_request-393 | https://euw1.api.riotgames.com:443 "GET /lol/champion-mastery/v4/champion-masteries/by-summoner/3A9IDJhpIwTyMeOu7hczfJccZLorFhD14n7adkMgzlOfC5k?api_key=RGAPI-53007931-56bc-4b3d-aa4b-3e2044777039 HTTP/1.1" 200 None
2019-05-27 19:27:22,418 | get_request-38 | 200 successful request
2019-05-27 19:27:22,418 | get_request-38 | 200 successful request
2019-05-27 19:27:22,420 | _new_conn-813 | Starting new HTTPS connection (1): euw1.api.riotgames.com:443
2019-05-27 19:27:22,548 | _make_request-393 | https://euw1.api.riotgames.com:443 "GET /lol/champion-mastery/v4/champion-masteries/by-summoner/3A9IDJhpIwTyMeOu7hczfJccZLorFhD14n7adkMgzlOfC5k?api_key=RGAPI-53007931-56bc-4b3d-aa4b-3e2044777039 HTTP/1.1" 200 None
2019-05-27 19:27:22,550 | get_request-38 | 200 successful request
2019-05-27 19:27:22,550 | get_request-38 | 200 successful request
2019-05-27 19:27:22,552 | _new_conn-813 | Starting new HTTPS connection (1): euw1.api.riotgames.com:443
2019-05-27 19:27:22,683 | _make_request-393 | https://euw1.api.riotgames.com:443 "GET /lol/champion-mastery/v4/champion-masteries/by-summoner/3A9IDJhpIwTyMeOu7hczfJccZLorFhD14n7adkMgzlOfC5k?api_key=RGAPI-53007931-56bc-4b3d-aa4b-3e2044777039 HTTP/1.1" 200 3306
2019-05-27 19:27:22,684 | get_request-38 | 200 successful request
2019-05-27 19:27:22,684 | get_request-38 | 200 successful request
2019-05-27 19:27:22,686 | _new_conn-813 | Starting new HTTPS connection (1): euw1.api.riotgames.com:443
2019-05-27 19:27:22,829 | _make_request-393 | https://euw1.api.riotgames.com:443 "GET /lol/champion-mastery/v4/champion-masteries/by-summoner/3A9IDJhpIwTyMeOu7hczfJccZLorFhD14n7adkMgzlOfC5k?api_key=RGAPI-53007931-56bc-4b3d-aa4b-3e2044777039 HTTP/1.1" 200 None
2019-05-27 19:27:22,831 | get_request-38 | 200 successful request
2019-05-27 19:27:22,831 | get_request-38 | 200 successful request
2019-05-27 19:28:06,007 | _new_conn-813 | Starting new HTTPS connection (1): euw1.api.riotgames.com:443
2019-05-27 19:28:06,128 | _make_request-393 | https://euw1.api.riotgames.com:443 "GET /lol/summoner/v4/summoners/by-name/dsg%20viggo?api_key=RGAPI-53007931-56bc-4b3d-aa4b-3e2044777039 HTTP/1.1" 200 None
2019-05-27 19:28:06,130 | get_request-38 | 200 successful request
2019-05-27 19:28:06,130 | get_request-38 | 200 successful request
2019-05-27 19:28:06,131 | _new_conn-813 | Starting new HTTPS connection (1): euw1.api.riotgames.com:443
2019-05-27 19:28:06,262 | _make_request-393 | https://euw1.api.riotgames.com:443 "GET /lol/spectator/v4/active-games/by-summoner/_surRSFsUJ32libWrDAUItgV8djZGjYROvWLem4swTCT3LU?api_key=RGAPI-53007931-56bc-4b3d-aa4b-3e2044777039 HTTP/1.1" 200 1235
2019-05-27 19:28:06,264 | get_request-38 | 200 successful request
2019-05-27 19:28:06,264 | get_request-38 | 200 successful request
2019-05-27 19:28:06,265 | _new_conn-813 | Starting new HTTPS connection (1): euw1.api.riotgames.com:443
2019-05-27 19:28:06,546 | _make_request-393 | https://euw1.api.riotgames.com:443 "GET /lol/match/v4/matches/4044287031?api_key=RGAPI-53007931-56bc-4b3d-aa4b-3e2044777039 HTTP/1.1" 404 None
2019-05-27 19:28:08,549 | _new_conn-813 | Starting new HTTPS connection (1): euw1.api.riotgames.com:443
2019-05-27 19:28:08,803 | _make_request-393 | https://euw1.api.riotgames.com:443 "GET /lol/match/v4/matches/4044287031?api_key=RGAPI-53007931-56bc-4b3d-aa4b-3e2044777039 HTTP/1.1" 404 71
2019-05-27 19:28:08,805 | get_request-23 | 404 invalid request
2019-05-27 19:28:08,805 | get_request-23 | 404 invalid request
2019-05-27 19:28:08,806 | _new_conn-813 | Starting new HTTPS connection (1): euw1.api.riotgames.com:443
2019-05-27 19:28:08,923 | _make_request-393 | https://euw1.api.riotgames.com:443 "GET /lol/league/v4/entries/by-summoner/3A9IDJhpIwTyMeOu7hczfJccZLorFhD14n7adkMgzlOfC5k?api_key=RGAPI-53007931-56bc-4b3d-aa4b-3e2044777039 HTTP/1.1" 200 None
2019-05-27 19:28:08,925 | get_request-38 | 200 successful request
2019-05-27 19:28:08,925 | get_request-38 | 200 successful request
2019-05-27 19:28:09,126 | _new_conn-813 | Starting new HTTPS connection (1): euw1.api.riotgames.com:443
2019-05-27 19:28:09,242 | _make_request-393 | https://euw1.api.riotgames.com:443 "GET /lol/league/v4/entries/by-summoner/_surRSFsUJ32libWrDAUItgV8djZGjYROvWLem4swTCT3LU?api_key=RGAPI-53007931-56bc-4b3d-aa4b-3e2044777039 HTTP/1.1" 200 None
2019-05-27 19:28:09,244 | get_request-38 | 200 successful request
2019-05-27 19:28:09,244 | get_request-38 | 200 successful request
2019-05-27 19:28:09,445 | _new_conn-813 | Starting new HTTPS connection (1): euw1.api.riotgames.com:443
2019-05-27 19:28:09,606 | _make_request-393 | https://euw1.api.riotgames.com:443 "GET /lol/league/v4/entries/by-summoner/clUtMSgIKZtOKCk2XxKchdcsQhSYQWiZ_85tEqZ498XQbQg?api_key=RGAPI-53007931-56bc-4b3d-aa4b-3e2044777039 HTTP/1.1" 200 266
2019-05-27 19:28:09,607 | get_request-38 | 200 successful request
2019-05-27 19:28:09,607 | get_request-38 | 200 successful request
2019-05-27 19:28:09,808 | _new_conn-813 | Starting new HTTPS connection (1): euw1.api.riotgames.com:443
2019-05-27 19:28:09,923 | _make_request-393 | https://euw1.api.riotgames.com:443 "GET /lol/league/v4/entries/by-summoner/7RhzUJOYBdDKSBk4zQj6Q_g5M77fBOils1seE0A1J1B7zi4?api_key=RGAPI-53007931-56bc-4b3d-aa4b-3e2044777039 HTTP/1.1" 200 265
2019-05-27 19:28:09,925 | get_request-38 | 200 successful request
2019-05-27 19:28:09,925 | get_request-38 | 200 successful request
2019-05-27 19:28:10,126 | _new_conn-813 | Starting new HTTPS connection (1): euw1.api.riotgames.com:443
2019-05-27 19:28:10,245 | _make_request-393 | https://euw1.api.riotgames.com:443 "GET /lol/league/v4/entries/by-summoner/dyq8mlfry6ZVJx5-cw6I2xLN6YNLx5U4Y8q5eGxvmeCOuZU?api_key=RGAPI-53007931-56bc-4b3d-aa4b-3e2044777039 HTTP/1.1" 200 339
2019-05-27 19:28:10,247 | get_request-38 | 200 successful request
2019-05-27 19:28:10,247 | get_request-38 | 200 successful request
2019-05-27 19:28:10,449 | _new_conn-813 | Starting new HTTPS connection (1): euw1.api.riotgames.com:443
2019-05-27 19:28:10,570 | _make_request-393 | https://euw1.api.riotgames.com:443 "GET /lol/league/v4/entries/by-summoner/wFuMjROGtIpGxuNLB93CDTd_51PW1Fh2_m3ffmGmVowAShk?api_key=RGAPI-53007931-56bc-4b3d-aa4b-3e2044777039 HTTP/1.1" 200 268
2019-05-27 19:28:10,572 | get_request-38 | 200 successful request
2019-05-27 19:28:10,572 | get_request-38 | 200 successful request
2019-05-27 19:28:10,773 | _new_conn-813 | Starting new HTTPS connection (1): euw1.api.riotgames.com:443
2019-05-27 19:28:10,893 | _make_request-393 | https://euw1.api.riotgames.com:443 "GET /lol/league/v4/entries/by-summoner/66FY7SELDF4LHxKQJd0VzRvbV6s269Oib9cICSAeeRxEBLc?api_key=RGAPI-53007931-56bc-4b3d-aa4b-3e2044777039 HTTP/1.1" 200 None
2019-05-27 19:28:10,895 | get_request-38 | 200 successful request
2019-05-27 19:28:10,895 | get_request-38 | 200 successful request
2019-05-27 19:28:11,096 | _new_conn-813 | Starting new HTTPS connection (1): euw1.api.riotgames.com:443
2019-05-27 19:28:11,217 | _make_request-393 | https://euw1.api.riotgames.com:443 "GET /lol/league/v4/entries/by-summoner/td_KMxI822vonl_sMSwKsWgwOA-Oz2PRz_MwrFsbCScQ9Q4?api_key=RGAPI-53007931-56bc-4b3d-aa4b-3e2044777039 HTTP/1.1" 200 None
2019-05-27 19:28:11,219 | get_request-38 | 200 successful request
2019-05-27 19:28:11,219 | get_request-38 | 200 successful request
2019-05-27 19:28:11,420 | _new_conn-813 | Starting new HTTPS connection (1): euw1.api.riotgames.com:443
2019-05-27 19:28:11,628 | _make_request-393 | https://euw1.api.riotgames.com:443 "GET /lol/league/v4/entries/by-summoner/bOX7wBdAW21Y3AEa9D30NBXPi0RIlpJRUnYbxhnxSaDHe1g?api_key=RGAPI-53007931-56bc-4b3d-aa4b-3e2044777039 HTTP/1.1" 200 267
2019-05-27 19:28:11,630 | get_request-38 | 200 successful request
2019-05-27 19:28:11,630 | get_request-38 | 200 successful request
2019-05-27 19:28:11,832 | _new_conn-813 | Starting new HTTPS connection (1): euw1.api.riotgames.com:443
2019-05-27 19:28:11,963 | _make_request-393 | https://euw1.api.riotgames.com:443 "GET /lol/league/v4/entries/by-summoner/-G9EGcZLR135MoRf3WG4HYrVewn3u2ebN2exttJ2Flfnncg?api_key=RGAPI-53007931-56bc-4b3d-aa4b-3e2044777039 HTTP/1.1" 200 267
2019-05-27 19:28:11,964 | get_request-38 | 200 successful request
2019-05-27 19:28:11,964 | get_request-38 | 200 successful request
2019-05-27 19:28:12,666 | _new_conn-813 | Starting new HTTPS connection (1): euw1.api.riotgames.com:443
2019-05-27 19:28:12,814 | _make_request-393 | https://euw1.api.riotgames.com:443 "GET /lol/champion-mastery/v4/champion-masteries/by-summoner/3A9IDJhpIwTyMeOu7hczfJccZLorFhD14n7adkMgzlOfC5k?api_key=RGAPI-53007931-56bc-4b3d-aa4b-3e2044777039 HTTP/1.1" 200 None
2019-05-27 19:28:12,816 | get_request-38 | 200 successful request
2019-05-27 19:28:12,816 | get_request-38 | 200 successful request
2019-05-27 19:28:12,817 | _new_conn-813 | Starting new HTTPS connection (1): euw1.api.riotgames.com:443
2019-05-27 19:28:12,989 | _make_request-393 | https://euw1.api.riotgames.com:443 "GET /lol/champion-mastery/v4/champion-masteries/by-summoner/3A9IDJhpIwTyMeOu7hczfJccZLorFhD14n7adkMgzlOfC5k?api_key=RGAPI-53007931-56bc-4b3d-aa4b-3e2044777039 HTTP/1.1" 200 None
2019-05-27 19:28:12,991 | get_request-38 | 200 successful request
2019-05-27 19:28:12,991 | get_request-38 | 200 successful request
2019-05-27 19:28:12,993 | _new_conn-813 | Starting new HTTPS connection (1): euw1.api.riotgames.com:443
2019-05-27 19:28:13,127 | _make_request-393 | https://euw1.api.riotgames.com:443 "GET /lol/champion-mastery/v4/champion-masteries/by-summoner/3A9IDJhpIwTyMeOu7hczfJccZLorFhD14n7adkMgzlOfC5k?api_key=RGAPI-53007931-56bc-4b3d-aa4b-3e2044777039 HTTP/1.1" 200 None
2019-05-27 19:28:13,129 | get_request-38 | 200 successful request
2019-05-27 19:28:13,129 | get_request-38 | 200 successful request
2019-05-27 19:28:13,131 | _new_conn-813 | Starting new HTTPS connection (1): euw1.api.riotgames.com:443
2019-05-27 19:28:13,267 | _make_request-393 | https://euw1.api.riotgames.com:443 "GET /lol/champion-mastery/v4/champion-masteries/by-summoner/3A9IDJhpIwTyMeOu7hczfJccZLorFhD14n7adkMgzlOfC5k?api_key=RGAPI-53007931-56bc-4b3d-aa4b-3e2044777039 HTTP/1.1" 200 None
2019-05-27 19:28:13,269 | get_request-38 | 200 successful request
2019-05-27 19:28:13,269 | get_request-38 | 200 successful request
2019-05-27 19:28:13,271 | _new_conn-813 | Starting new HTTPS connection (1): euw1.api.riotgames.com:443
2019-05-27 19:28:13,439 | _make_request-393 | https://euw1.api.riotgames.com:443 "GET /lol/champion-mastery/v4/champion-masteries/by-summoner/3A9IDJhpIwTyMeOu7hczfJccZLorFhD14n7adkMgzlOfC5k?api_key=RGAPI-53007931-56bc-4b3d-aa4b-3e2044777039 HTTP/1.1" 200 None
2019-05-27 19:28:13,441 | get_request-38 | 200 successful request
2019-05-27 19:28:13,441 | get_request-38 | 200 successful request
2019-05-27 19:28:13,443 | _new_conn-813 | Starting new HTTPS connection (1): euw1.api.riotgames.com:443
2019-05-27 19:28:13,618 | _make_request-393 | https://euw1.api.riotgames.com:443 "GET /lol/champion-mastery/v4/champion-masteries/by-summoner/3A9IDJhpIwTyMeOu7hczfJccZLorFhD14n7adkMgzlOfC5k?api_key=RGAPI-53007931-56bc-4b3d-aa4b-3e2044777039 HTTP/1.1" 200 None
2019-05-27 19:28:13,620 | get_request-38 | 200 successful request
2019-05-27 19:28:13,620 | get_request-38 | 200 successful request
2019-05-27 19:28:13,622 | _new_conn-813 | Starting new HTTPS connection (1): euw1.api.riotgames.com:443
2019-05-27 19:28:13,769 | _make_request-393 | https://euw1.api.riotgames.com:443 "GET /lol/champion-mastery/v4/champion-masteries/by-summoner/3A9IDJhpIwTyMeOu7hczfJccZLorFhD14n7adkMgzlOfC5k?api_key=RGAPI-53007931-56bc-4b3d-aa4b-3e2044777039 HTTP/1.1" 200 None
2019-05-27 19:28:13,770 | get_request-38 | 200 successful request
2019-05-27 19:28:13,770 | get_request-38 | 200 successful request
2019-05-27 19:28:13,772 | _new_conn-813 | Starting new HTTPS connection (1): euw1.api.riotgames.com:443
2019-05-27 19:28:13,911 | _make_request-393 | https://euw1.api.riotgames.com:443 "GET /lol/champion-mastery/v4/champion-masteries/by-summoner/3A9IDJhpIwTyMeOu7hczfJccZLorFhD14n7adkMgzlOfC5k?api_key=RGAPI-53007931-56bc-4b3d-aa4b-3e2044777039 HTTP/1.1" 200 None
2019-05-27 19:28:13,913 | get_request-38 | 200 successful request
2019-05-27 19:28:13,913 | get_request-38 | 200 successful request
2019-05-27 19:28:13,915 | _new_conn-813 | Starting new HTTPS connection (1): euw1.api.riotgames.com:443
2019-05-27 19:28:14,045 | _make_request-393 | https://euw1.api.riotgames.com:443 "GET /lol/champion-mastery/v4/champion-masteries/by-summoner/3A9IDJhpIwTyMeOu7hczfJccZLorFhD14n7adkMgzlOfC5k?api_key=RGAPI-53007931-56bc-4b3d-aa4b-3e2044777039 HTTP/1.1" 200 None
2019-05-27 19:28:14,049 | get_request-38 | 200 successful request
2019-05-27 19:28:14,049 | get_request-38 | 200 successful request
2019-05-27 19:28:14,051 | _new_conn-813 | Starting new HTTPS connection (1): euw1.api.riotgames.com:443
2019-05-27 19:28:14,192 | _make_request-393 | https://euw1.api.riotgames.com:443 "GET /lol/champion-mastery/v4/champion-masteries/by-summoner/3A9IDJhpIwTyMeOu7hczfJccZLorFhD14n7adkMgzlOfC5k?api_key=RGAPI-53007931-56bc-4b3d-aa4b-3e2044777039 HTTP/1.1" 200 None
2019-05-27 19:28:14,193 | get_request-38 | 200 successful request
2019-05-27 19:28:14,193 | get_request-38 | 200 successful request
2019-05-27 19:31:02,737 | _new_conn-813 | Starting new HTTPS connection (1): euw1.api.riotgames.com:443
2019-05-27 19:31:02,902 | _make_request-393 | https://euw1.api.riotgames.com:443 "GET /lol/summoner/v4/summoners/by-name/dsg%20viggo?api_key=RGAPI-53007931-56bc-4b3d-aa4b-3e2044777039 HTTP/1.1" 200 271
2019-05-27 19:31:02,904 | get_request-38 | 200 successful request
2019-05-27 19:31:02,904 | get_request-38 | 200 successful request
2019-05-27 19:31:02,906 | _new_conn-813 | Starting new HTTPS connection (1): euw1.api.riotgames.com:443
2019-05-27 19:31:03,056 | _make_request-393 | https://euw1.api.riotgames.com:443 "GET /lol/spectator/v4/active-games/by-summoner/_surRSFsUJ32libWrDAUItgV8djZGjYROvWLem4swTCT3LU?api_key=RGAPI-53007931-56bc-4b3d-aa4b-3e2044777039 HTTP/1.1" 200 None
2019-05-27 19:31:03,058 | get_request-38 | 200 successful request
2019-05-27 19:31:03,058 | get_request-38 | 200 successful request
2019-05-27 19:31:03,060 | _new_conn-813 | Starting new HTTPS connection (1): euw1.api.riotgames.com:443
2019-05-27 19:31:03,322 | _make_request-393 | https://euw1.api.riotgames.com:443 "GET /lol/match/v4/matches/4044287031?api_key=RGAPI-53007931-56bc-4b3d-aa4b-3e2044777039 HTTP/1.1" 404 71
2019-05-27 19:31:05,326 | _new_conn-813 | Starting new HTTPS connection (1): euw1.api.riotgames.com:443
2019-05-27 19:31:05,609 | _make_request-393 | https://euw1.api.riotgames.com:443 "GET /lol/match/v4/matches/4044287031?api_key=RGAPI-53007931-56bc-4b3d-aa4b-3e2044777039 HTTP/1.1" 404 71
2019-05-27 19:31:05,611 | get_request-23 | 404 invalid request
2019-05-27 19:31:05,611 | get_request-23 | 404 invalid request
2019-05-27 19:31:05,613 | _new_conn-813 | Starting new HTTPS connection (1): euw1.api.riotgames.com:443
2019-05-27 19:31:05,760 | _make_request-393 | https://euw1.api.riotgames.com:443 "GET /lol/league/v4/entries/by-summoner/3A9IDJhpIwTyMeOu7hczfJccZLorFhD14n7adkMgzlOfC5k?api_key=RGAPI-53007931-56bc-4b3d-aa4b-3e2044777039 HTTP/1.1" 200 262
2019-05-27 19:31:05,763 | get_request-38 | 200 successful request
2019-05-27 19:31:05,763 | get_request-38 | 200 successful request
2019-05-27 19:31:05,964 | _new_conn-813 | Starting new HTTPS connection (1): euw1.api.riotgames.com:443
2019-05-27 19:31:06,146 | _make_request-393 | https://euw1.api.riotgames.com:443 "GET /lol/league/v4/entries/by-summoner/_surRSFsUJ32libWrDAUItgV8djZGjYROvWLem4swTCT3LU?api_key=RGAPI-53007931-56bc-4b3d-aa4b-3e2044777039 HTTP/1.1" 200 None
2019-05-27 19:31:06,148 | get_request-38 | 200 successful request
2019-05-27 19:31:06,148 | get_request-38 | 200 successful request
2019-05-27 19:31:06,349 | _new_conn-813 | Starting new HTTPS connection (1): euw1.api.riotgames.com:443
2019-05-27 19:31:06,496 | _make_request-393 | https://euw1.api.riotgames.com:443 "GET /lol/league/v4/entries/by-summoner/clUtMSgIKZtOKCk2XxKchdcsQhSYQWiZ_85tEqZ498XQbQg?api_key=RGAPI-53007931-56bc-4b3d-aa4b-3e2044777039 HTTP/1.1" 200 266
2019-05-27 19:31:06,499 | get_request-38 | 200 successful request
2019-05-27 19:31:06,499 | get_request-38 | 200 successful request
2019-05-27 19:31:06,701 | _new_conn-813 | Starting new HTTPS connection (1): euw1.api.riotgames.com:443
2019-05-27 19:31:06,823 | _make_request-393 | https://euw1.api.riotgames.com:443 "GET /lol/league/v4/entries/by-summoner/7RhzUJOYBdDKSBk4zQj6Q_g5M77fBOils1seE0A1J1B7zi4?api_key=RGAPI-53007931-56bc-4b3d-aa4b-3e2044777039 HTTP/1.1" 200 265
2019-05-27 19:31:06,825 | get_request-38 | 200 successful request
2019-05-27 19:31:06,825 | get_request-38 | 200 successful request
2019-05-27 19:31:07,027 | _new_conn-813 | Starting new HTTPS connection (1): euw1.api.riotgames.com:443
2019-05-27 19:31:07,154 | _make_request-393 | https://euw1.api.riotgames.com:443 "GET /lol/league/v4/entries/by-summoner/dyq8mlfry6ZVJx5-cw6I2xLN6YNLx5U4Y8q5eGxvmeCOuZU?api_key=RGAPI-53007931-56bc-4b3d-aa4b-3e2044777039 HTTP/1.1" 200 None
2019-05-27 19:31:07,156 | get_request-38 | 200 successful request
2019-05-27 19:31:07,156 | get_request-38 | 200 successful request
2019-05-27 19:31:07,358 | _new_conn-813 | Starting new HTTPS connection (1): euw1.api.riotgames.com:443
2019-05-27 19:31:07,480 | _make_request-393 | https://euw1.api.riotgames.com:443 "GET /lol/league/v4/entries/by-summoner/wFuMjROGtIpGxuNLB93CDTd_51PW1Fh2_m3ffmGmVowAShk?api_key=RGAPI-53007931-56bc-4b3d-aa4b-3e2044777039 HTTP/1.1" 200 268
2019-05-27 19:31:07,482 | get_request-38 | 200 successful request
2019-05-27 19:31:07,482 | get_request-38 | 200 successful request
2019-05-27 19:31:07,683 | _new_conn-813 | Starting new HTTPS connection (1): euw1.api.riotgames.com:443
2019-05-27 19:31:07,908 | _make_request-393 | https://euw1.api.riotgames.com:443 "GET /lol/league/v4/entries/by-summoner/66FY7SELDF4LHxKQJd0VzRvbV6s269Oib9cICSAeeRxEBLc?api_key=RGAPI-53007931-56bc-4b3d-aa4b-3e2044777039 HTTP/1.1" 200 None
2019-05-27 19:31:07,910 | get_request-38 | 200 successful request
2019-05-27 19:31:07,910 | get_request-38 | 200 successful request
2019-05-27 19:31:08,112 | _new_conn-813 | Starting new HTTPS connection (1): euw1.api.riotgames.com:443
2019-05-27 19:31:08,263 | _make_request-393 | https://euw1.api.riotgames.com:443 "GET /lol/league/v4/entries/by-summoner/td_KMxI822vonl_sMSwKsWgwOA-Oz2PRz_MwrFsbCScQ9Q4?api_key=RGAPI-53007931-56bc-4b3d-aa4b-3e2044777039 HTTP/1.1" 200 263
2019-05-27 19:31:08,264 | get_request-38 | 200 successful request
2019-05-27 19:31:08,264 | get_request-38 | 200 successful request
2019-05-27 19:31:08,466 | _new_conn-813 | Starting new HTTPS connection (1): euw1.api.riotgames.com:443
2019-05-27 19:31:08,592 | _make_request-393 | https://euw1.api.riotgames.com:443 "GET /lol/league/v4/entries/by-summoner/bOX7wBdAW21Y3AEa9D30NBXPi0RIlpJRUnYbxhnxSaDHe1g?api_key=RGAPI-53007931-56bc-4b3d-aa4b-3e2044777039 HTTP/1.1" 200 None
2019-05-27 19:31:08,594 | get_request-38 | 200 successful request
2019-05-27 19:31:08,594 | get_request-38 | 200 successful request
2019-05-27 19:31:08,796 | _new_conn-813 | Starting new HTTPS connection (1): euw1.api.riotgames.com:443
2019-05-27 19:31:08,920 | _make_request-393 | https://euw1.api.riotgames.com:443 "GET /lol/league/v4/entries/by-summoner/-G9EGcZLR135MoRf3WG4HYrVewn3u2ebN2exttJ2Flfnncg?api_key=RGAPI-53007931-56bc-4b3d-aa4b-3e2044777039 HTTP/1.1" 200 267
2019-05-27 19:31:08,922 | get_request-38 | 200 successful request
2019-05-27 19:31:08,922 | get_request-38 | 200 successful request
2019-05-27 19:31:09,624 | _new_conn-813 | Starting new HTTPS connection (1): euw1.api.riotgames.com:443
2019-05-27 19:31:09,797 | _make_request-393 | https://euw1.api.riotgames.com:443 "GET /lol/champion-mastery/v4/champion-masteries/by-summoner/3A9IDJhpIwTyMeOu7hczfJccZLorFhD14n7adkMgzlOfC5k?api_key=RGAPI-53007931-56bc-4b3d-aa4b-3e2044777039 HTTP/1.1" 200 3306
2019-05-27 19:31:09,800 | get_request-38 | 200 successful request
2019-05-27 19:31:09,800 | get_request-38 | 200 successful request
2019-05-27 19:31:09,803 | _new_conn-813 | Starting new HTTPS connection (1): euw1.api.riotgames.com:443
2019-05-27 19:31:09,996 | _make_request-393 | https://euw1.api.riotgames.com:443 "GET /lol/champion-mastery/v4/champion-masteries/by-summoner/3A9IDJhpIwTyMeOu7hczfJccZLorFhD14n7adkMgzlOfC5k?api_key=RGAPI-53007931-56bc-4b3d-aa4b-3e2044777039 HTTP/1.1" 200 3306
2019-05-27 19:31:09,998 | get_request-38 | 200 successful request
2019-05-27 19:31:09,998 | get_request-38 | 200 successful request
2019-05-27 19:31:10,001 | _new_conn-813 | Starting new HTTPS connection (1): euw1.api.riotgames.com:443
2019-05-27 19:31:10,135 | _make_request-393 | https://euw1.api.riotgames.com:443 "GET /lol/champion-mastery/v4/champion-masteries/by-summoner/3A9IDJhpIwTyMeOu7hczfJccZLorFhD14n7adkMgzlOfC5k?api_key=RGAPI-53007931-56bc-4b3d-aa4b-3e2044777039 HTTP/1.1" 200 None
2019-05-27 19:31:10,138 | get_request-38 | 200 successful request
2019-05-27 19:31:10,138 | get_request-38 | 200 successful request
2019-05-27 19:31:10,140 | _new_conn-813 | Starting new HTTPS connection (1): euw1.api.riotgames.com:443
2019-05-27 19:31:10,271 | _make_request-393 | https://euw1.api.riotgames.com:443 "GET /lol/champion-mastery/v4/champion-masteries/by-summoner/3A9IDJhpIwTyMeOu7hczfJccZLorFhD14n7adkMgzlOfC5k?api_key=RGAPI-53007931-56bc-4b3d-aa4b-3e2044777039 HTTP/1.1" 200 None
2019-05-27 19:31:10,273 | get_request-38 | 200 successful request
2019-05-27 19:31:10,273 | get_request-38 | 200 successful request
2019-05-27 19:31:10,276 | _new_conn-813 | Starting new HTTPS connection (1): euw1.api.riotgames.com:443
2019-05-27 19:31:10,402 | _make_request-393 | https://euw1.api.riotgames.com:443 "GET /lol/champion-mastery/v4/champion-masteries/by-summoner/3A9IDJhpIwTyMeOu7hczfJccZLorFhD14n7adkMgzlOfC5k?api_key=RGAPI-53007931-56bc-4b3d-aa4b-3e2044777039 HTTP/1.1" 200 None
2019-05-27 19:31:10,404 | get_request-38 | 200 successful request
2019-05-27 19:31:10,404 | get_request-38 | 200 successful request
2019-05-27 19:31:10,406 | _new_conn-813 | Starting new HTTPS connection (1): euw1.api.riotgames.com:443
2019-05-27 19:31:10,530 | _make_request-393 | https://euw1.api.riotgames.com:443 "GET /lol/champion-mastery/v4/champion-masteries/by-summoner/3A9IDJhpIwTyMeOu7hczfJccZLorFhD14n7adkMgzlOfC5k?api_key=RGAPI-53007931-56bc-4b3d-aa4b-3e2044777039 HTTP/1.1" 200 None
2019-05-27 19:31:10,533 | get_request-38 | 200 successful request
2019-05-27 19:31:10,533 | get_request-38 | 200 successful request
2019-05-27 19:31:10,536 | _new_conn-813 | Starting new HTTPS connection (1): euw1.api.riotgames.com:443
2019-05-27 19:31:10,692 | _make_request-393 | https://euw1.api.riotgames.com:443 "GET /lol/champion-mastery/v4/champion-masteries/by-summoner/3A9IDJhpIwTyMeOu7hczfJccZLorFhD14n7adkMgzlOfC5k?api_key=RGAPI-53007931-56bc-4b3d-aa4b-3e2044777039 HTTP/1.1" 200 None
2019-05-27 19:31:10,694 | get_request-38 | 200 successful request
2019-05-27 19:31:10,694 | get_request-38 | 200 successful request
2019-05-27 19:31:10,696 | _new_conn-813 | Starting new HTTPS connection (1): euw1.api.riotgames.com:443
2019-05-27 19:31:10,814 | _make_request-393 | https://euw1.api.riotgames.com:443 "GET /lol/champion-mastery/v4/champion-masteries/by-summoner/3A9IDJhpIwTyMeOu7hczfJccZLorFhD14n7adkMgzlOfC5k?api_key=RGAPI-53007931-56bc-4b3d-aa4b-3e2044777039 HTTP/1.1" 200 None
2019-05-27 19:31:10,816 | get_request-38 | 200 successful request
2019-05-27 19:31:10,816 | get_request-38 | 200 successful request
2019-05-27 19:31:10,819 | _new_conn-813 | Starting new HTTPS connection (1): euw1.api.riotgames.com:443
2019-05-27 19:31:10,944 | _make_request-393 | https://euw1.api.riotgames.com:443 "GET /lol/champion-mastery/v4/champion-masteries/by-summoner/3A9IDJhpIwTyMeOu7hczfJccZLorFhD14n7adkMgzlOfC5k?api_key=RGAPI-53007931-56bc-4b3d-aa4b-3e2044777039 HTTP/1.1" 200 None
2019-05-27 19:31:10,946 | get_request-38 | 200 successful request
2019-05-27 19:31:10,946 | get_request-38 | 200 successful request
2019-05-27 19:31:10,948 | _new_conn-813 | Starting new HTTPS connection (1): euw1.api.riotgames.com:443
2019-05-27 19:31:11,076 | _make_request-393 | https://euw1.api.riotgames.com:443 "GET /lol/champion-mastery/v4/champion-masteries/by-summoner/3A9IDJhpIwTyMeOu7hczfJccZLorFhD14n7adkMgzlOfC5k?api_key=RGAPI-53007931-56bc-4b3d-aa4b-3e2044777039 HTTP/1.1" 200 None
2019-05-27 19:31:11,078 | get_request-38 | 200 successful request
2019-05-27 19:31:11,078 | get_request-38 | 200 successful request
